#
# There is insufficient memory for the Java Runtime Environment to continue.
# Native memory allocation (malloc) failed to allocate 1192064 bytes for Chunk::new
# Possible reasons:
#   The system is out of physical RAM or swap space
#   The process is running with CompressedOops enabled, and the Java Heap may be blocking the growth of the native heap
# Possible solutions:
#   Reduce memory load on the system
#   Increase physical memory or swap space
#   Check if swap backing store is full
#   Decrease Java heap size (-Xmx/-Xms)
#   Decrease number of Java threads
#   Decrease Java thread stack sizes (-Xss)
#   Set larger code cache with -XX:ReservedCodeCacheSize=
#   JVM is running with Unscaled Compressed Oops mode in which the Java heap is
#     placed in the first 4GB address space. The Java Heap base address is the
#     maximum limit for the native heap growth. Please use -XX:HeapBaseMinAddress
#     to set the Java Heap base and to place the Java Heap above 4GB virtual address.
# This output file may be truncated or incomplete.
#
#  Out of Memory Error (arena.cpp:189), pid=8792, tid=26492
#
# JRE version: OpenJDK Runtime Environment Temurin-17.0.2+8 (17.0.2+8) (build 17.0.2+8)
# Java VM: OpenJDK 64-Bit Server VM Temurin-17.0.2+8 (17.0.2+8, mixed mode, tiered, compressed oops, compressed class ptrs, parallel gc, windows-amd64)
# No core dump will be written. Minidumps are not enabled by default on client versions of Windows
#

---------------  S U M M A R Y ------------

Command Line: --add-modules=ALL-SYSTEM --add-opens=java.base/java.util=ALL-UNNAMED --add-opens=java.base/java.lang=ALL-UNNAMED --add-opens=java.base/sun.nio.fs=ALL-UNNAMED -Declipse.application=org.eclipse.jdt.ls.core.id1 -Dosgi.bundles.defaultStartLevel=4 -Declipse.product=org.eclipse.jdt.ls.core.product -Djava.import.generatesMetadataFilesAtProjectRoot=false -Dfile.encoding=utf8 -DwatchParentProcess=false -XX:+UseParallelGC -XX:GCTimeRatio=4 -XX:AdaptiveSizePolicyWeight=90 -Dsun.zip.disableMemoryMapping=true -Xmx1G -Xms100m c:\Users\lumin\.vscode\extensions\redhat.java-1.4.0\server\plugins\org.eclipse.equinox.launcher_1.6.400.v20210924-0641.jar -configuration c:\Users\lumin\AppData\Roaming\Code\User\globalStorage\redhat.java\1.4.0\config_ss_win -data c:\Users\lumin\AppData\Roaming\Code\User\workspaceStorage\05abdface0dca7f2afb16755ced39478\redhat.java\ss_ws

Host: Intel(R) Core(TM) i5-8265U CPU @ 1.60GHz, 8 cores, 7G,  Windows 10 , 64 bit Build 19041 (10.0.19041.1566)
Time: Wed Mar 23 21:53:43 2022  Windows 10 , 64 bit Build 19041 (10.0.19041.1566) elapsed time: 7.425341 seconds (0d 0h 0m 7s)

---------------  T H R E A D  ---------------

Current thread (0x000001f89411b2b0):  JavaThread "C2 CompilerThread0" daemon [_thread_in_native, id=26492, stack(0x0000004caf200000,0x0000004caf300000)]


Current CompileTask:
C2:   7425 3398       4       org.eclipse.jdt.internal.core.JarPackageFragmentRoot::initRawPackageInfo (349 bytes)

Stack: [0x0000004caf200000,0x0000004caf300000]
Native frames: (J=compiled Java code, j=interpreted, Vv=VM code, C=native code)
V  [jvm.dll+0x67564a]
V  [jvm.dll+0x82fc04]
V  [jvm.dll+0x8313ae]
V  [jvm.dll+0x831a13]
V  [jvm.dll+0x245235]
V  [jvm.dll+0xabd7b]
V  [jvm.dll+0xac30c]
V  [jvm.dll+0x3631f7]
V  [jvm.dll+0x1bb702]
V  [jvm.dll+0x218229]
V  [jvm.dll+0x2174f1]
V  [jvm.dll+0x1a3a8d]
V  [jvm.dll+0x226ef8]
V  [jvm.dll+0x22503c]
V  [jvm.dll+0x7e596b]
V  [jvm.dll+0x7dff2a]
V  [jvm.dll+0x6744d5]
C  [ucrtbase.dll+0x21bb2]
C  [KERNEL32.DLL+0x17034]
C  [ntdll.dll+0x52651]


---------------  P R O C E S S  ---------------

Threads class SMR info:
_java_thread_list=0x000001f896a65a70, length=24, elements={
0x000001f8fd8e3260, 0x000001f8ffbb3370, 0x000001f8ffbb4b10, 0x000001f8940e79a0,
0x000001f8940fda90, 0x000001f8940ff5c0, 0x000001f89411a6c0, 0x000001f89411b2b0,
0x000001f89411c400, 0x000001f89411cd00, 0x000001f89418a140, 0x000001f8943ae150,
0x000001f8948b77b0, 0x000001f8949db610, 0x000001f894b46200, 0x000001f894974eb0,
0x000001f894cfe5c0, 0x000001f895b4f0d0, 0x000001f894c07650, 0x000001f894c07b20,
0x000001f894c084c0, 0x000001f894c054a0, 0x000001f894c05970, 0x000001f894c08990
}

Java Threads: ( => current thread )
  0x000001f8fd8e3260 JavaThread "main" [_thread_blocked, id=25296, stack(0x0000004cae900000,0x0000004caea00000)]
  0x000001f8ffbb3370 JavaThread "Reference Handler" daemon [_thread_blocked, id=25232, stack(0x0000004caec00000,0x0000004caed00000)]
  0x000001f8ffbb4b10 JavaThread "Finalizer" daemon [_thread_blocked, id=13468, stack(0x0000004caed00000,0x0000004caee00000)]
  0x000001f8940e79a0 JavaThread "Signal Dispatcher" daemon [_thread_blocked, id=20200, stack(0x0000004caee00000,0x0000004caef00000)]
  0x000001f8940fda90 JavaThread "Attach Listener" daemon [_thread_blocked, id=6796, stack(0x0000004caef00000,0x0000004caf000000)]
  0x000001f8940ff5c0 JavaThread "Service Thread" daemon [_thread_blocked, id=16268, stack(0x0000004caf000000,0x0000004caf100000)]
  0x000001f89411a6c0 JavaThread "Monitor Deflation Thread" daemon [_thread_blocked, id=12040, stack(0x0000004caf100000,0x0000004caf200000)]
=>0x000001f89411b2b0 JavaThread "C2 CompilerThread0" daemon [_thread_in_native, id=26492, stack(0x0000004caf200000,0x0000004caf300000)]
  0x000001f89411c400 JavaThread "C1 CompilerThread0" daemon [_thread_blocked, id=26180, stack(0x0000004caf300000,0x0000004caf400000)]
  0x000001f89411cd00 JavaThread "Sweeper thread" daemon [_thread_blocked, id=9764, stack(0x0000004caf400000,0x0000004caf500000)]
  0x000001f89418a140 JavaThread "Common-Cleaner" daemon [_thread_blocked, id=22724, stack(0x0000004caf500000,0x0000004caf600000)]
  0x000001f8943ae150 JavaThread "Notification Thread" daemon [_thread_blocked, id=19156, stack(0x0000004caf600000,0x0000004caf700000)]
  0x000001f8948b77b0 JavaThread "Active Thread: Equinox Container: d2cd8d70-ba00-4100-876f-259c9fd2fdff" [_thread_blocked, id=25076, stack(0x0000004caf800000,0x0000004caf900000)]
  0x000001f8949db610 JavaThread "Framework Event Dispatcher: Equinox Container: d2cd8d70-ba00-4100-876f-259c9fd2fdff" daemon [_thread_blocked, id=768, stack(0x0000004caf900000,0x0000004cafa00000)]
  0x000001f894b46200 JavaThread "Start Level: Equinox Container: d2cd8d70-ba00-4100-876f-259c9fd2fdff" daemon [_thread_blocked, id=19048, stack(0x0000004cafa00000,0x0000004cafb00000)]
  0x000001f894974eb0 JavaThread "SCR Component Actor" daemon [_thread_blocked, id=10756, stack(0x0000004cafb00000,0x0000004cafc00000)]
  0x000001f894cfe5c0 JavaThread "Worker-JM" [_thread_blocked, id=11360, stack(0x0000004cb0300000,0x0000004cb0400000)]
  0x000001f895b4f0d0 JavaThread "Worker-0" [_thread_blocked, id=24156, stack(0x0000004cb0400000,0x0000004cb0500000)]
  0x000001f894c07650 JavaThread "Worker-1: Publish Diagnostics" [_thread_blocked, id=18408, stack(0x0000004cb0500000,0x0000004cb0600000)]
  0x000001f894c07b20 JavaThread "pool-1-thread-1" [_thread_in_native, id=19848, stack(0x0000004cb0700000,0x0000004cb0800000)]
  0x000001f894c084c0 JavaThread "Worker-2" [_thread_blocked, id=26064, stack(0x0000004cb0900000,0x0000004cb0a00000)]
  0x000001f894c054a0 JavaThread "ForkJoinPool.commonPool-worker-1" daemon [_thread_blocked, id=16632, stack(0x0000004cb0b00000,0x0000004cb0c00000)]
  0x000001f894c05970 JavaThread "ForkJoinPool.commonPool-worker-2" daemon [_thread_in_Java, id=22500, stack(0x0000004cb0d00000,0x0000004cb0e00000)]
  0x000001f894c08990 JavaThread "ForkJoinPool.commonPool-worker-3" daemon [_thread_blocked, id=22704, stack(0x0000004cb0e00000,0x0000004cb0f00000)]

Other Threads:
  0x000001f8ffbaf810 VMThread "VM Thread" [stack: 0x0000004caeb00000,0x0000004caec00000] [id=20584]
  0x000001f8943ae620 WatcherThread [stack: 0x0000004caf700000,0x0000004caf800000] [id=26216]
  0x000001f8fd8f9610 GCTaskThread "GC Thread#0" [stack: 0x0000004caea00000,0x0000004caeb00000] [id=26400]
  0x000001f8fb85c060 GCTaskThread "GC Thread#1" [stack: 0x0000004cafc00000,0x0000004cafd00000] [id=23352]
  0x000001f8944bbbb0 GCTaskThread "GC Thread#2" [stack: 0x0000004cafd00000,0x0000004cafe00000] [id=11936]
  0x000001f8949c6280 GCTaskThread "GC Thread#3" [stack: 0x0000004cafe00000,0x0000004caff00000] [id=21708]
  0x000001f8949c6530 GCTaskThread "GC Thread#4" [stack: 0x0000004caff00000,0x0000004cb0000000] [id=15144]
  0x000001f8949c3480 GCTaskThread "GC Thread#5" [stack: 0x0000004cb0000000,0x0000004cb0100000] [id=21436]
  0x000001f8949c3f40 GCTaskThread "GC Thread#6" [stack: 0x0000004cb0100000,0x0000004cb0200000] [id=24788]
  0x000001f895c482d0 GCTaskThread "GC Thread#7" [stack: 0x0000004cb0600000,0x0000004cb0700000] [id=14848]

Threads with active compile tasks:
C2 CompilerThread0     7468 3398       4       org.eclipse.jdt.internal.core.JarPackageFragmentRoot::initRawPackageInfo (349 bytes)

VM state: not at safepoint (normal execution)

VM Mutex/Monitor currently owned by a thread: None

Heap address: 0x00000000c0000000, size: 1024 MB, Compressed Oops mode: 32-bit

CDS archive(s) not mapped
Compressed class space mapped at: 0x0000000100000000-0x0000000140000000, reserved size: 1073741824
Narrow klass base: 0x0000000000000000, Narrow klass shift: 3, Narrow klass range: 0x140000000

GC Precious Log:
 CPUs: 8 total, 8 available
 Memory: 8037M
 Large Page Support: Disabled
 NUMA Support: Disabled
 Compressed Oops: Enabled (32-bit)
 Alignments: Space 512K, Generation 512K, Heap 2M
 Heap Min Capacity: 100M
 Heap Initial Capacity: 100M
 Heap Max Capacity: 1G
 Pre-touch: Disabled
 Parallel Workers: 8

Heap:
 PSYoungGen      total 29696K, used 21512K [0x00000000eab00000, 0x00000000ed000000, 0x0000000100000000)
  eden space 23552K, 91% used [0x00000000eab00000,0x00000000ec002280,0x00000000ec200000)
  from space 6144K, 0% used [0x00000000ec400000,0x00000000ec400000,0x00000000eca00000)
  to   space 6144K, 0% used [0x00000000eca00000,0x00000000eca00000,0x00000000ed000000)
 ParOldGen       total 68608K, used 19588K [0x00000000c0000000, 0x00000000c4300000, 0x00000000eab00000)
  object space 68608K, 28% used [0x00000000c0000000,0x00000000c13210c0,0x00000000c4300000)
 Metaspace       used 36598K, committed 37248K, reserved 1089536K
  class space    used 3750K, committed 4032K, reserved 1048576K

Card table byte_map: [0x000001f8fd2a0000,0x000001f8fd4b0000] _byte_map_base: 0x000001f8fcca0000

Marking Bits: (ParMarkBitMap*) 0x00007ff974793af0
 Begin Bits: [0x000001f8fd9c0000, 0x000001f8fe9c0000)
 End Bits:   [0x000001f8fe9c0000, 0x000001f8ff9c0000)

Polling page: 0x000001f8fb860000

Metaspace:

Usage:
  Non-class:     32.08 MB used.
      Class:      3.66 MB used.
       Both:     35.74 MB used.

Virtual space:
  Non-class space:       40.00 MB reserved,      32.44 MB ( 81%) committed,  5 nodes.
      Class space:        1.00 GB reserved,       3.94 MB ( <1%) committed,  1 nodes.
             Both:        1.04 GB reserved,      36.38 MB (  3%) committed. 

Chunk freelists:
   Non-Class:  2.72 MB
       Class:  19.00 KB
        Both:  2.74 MB

MaxMetaspaceSize: unlimited
CompressedClassSpaceSize: 1.00 GB
Initial GC threshold: 21.00 MB
Current GC threshold: 58.38 MB
CDS: off
MetaspaceReclaimPolicy: balanced
 - commit_granule_bytes: 65536.
 - commit_granule_words: 8192.
 - virtual_space_node_default_size: 1048576.
 - enlarge_chunks_in_place: 1.
 - new_chunks_are_fully_committed: 0.
 - uncommit_free_chunks: 1.
 - use_allocation_guard: 0.
 - handle_deallocations: 1.


Internal statistics:

num_allocs_failed_limit: 6.
num_arena_births: 222.
num_arena_deaths: 0.
num_vsnodes_births: 6.
num_vsnodes_deaths: 0.
num_space_committed: 582.
num_space_uncommitted: 0.
num_chunks_returned_to_freelist: 6.
num_chunks_taken_from_freelist: 1306.
num_chunk_merges: 6.
num_chunk_splits: 900.
num_chunks_enlarged: 638.
num_purges: 0.
num_inconsistent_stats: 0.

CodeHeap 'non-profiled nmethods': size=120000Kb used=1374Kb max_used=1374Kb free=118626Kb
 bounds [0x000001f88a680000, 0x000001f88a8f0000, 0x000001f891bb0000]
CodeHeap 'profiled nmethods': size=120000Kb used=6686Kb max_used=6686Kb free=113313Kb
 bounds [0x000001f883150000, 0x000001f8837e0000, 0x000001f88a680000]
CodeHeap 'non-nmethods': size=5760Kb used=1264Kb max_used=1296Kb free=4495Kb
 bounds [0x000001f882bb0000, 0x000001f882e20000, 0x000001f883150000]
 total_blobs=4003 nmethods=3419 adapters=498
 compilation: enabled
              stopped_count=0, restarted_count=0
 full_count=0

Compilation events (20 events):
Event: 7.414 Thread 0x000001f89411c400 3472       2       org.eclipse.jdt.internal.core.JavaElement::getChildren (24 bytes)
Event: 7.414 Thread 0x000001f89411c400 nmethod 3472 0x000001f8837d0090 code [0x000001f8837d0240, 0x000001f8837d0438]
Event: 7.414 Thread 0x000001f89411c400 3474       2       org.eclipse.jdt.internal.core.JavaProject$ModuleLookup::recordRoot (16 bytes)
Event: 7.414 Thread 0x000001f89411c400 nmethod 3474 0x000001f8837d0510 code [0x000001f8837d06a0, 0x000001f8837d07e8]
Event: 7.415 Thread 0x000001f89411c400 3476       2       jdk.internal.jrtfs.JrtFileSystem::getPath (102 bytes)
Event: 7.415 Thread 0x000001f89411c400 nmethod 3476 0x000001f8837d0890 code [0x000001f8837d0aa0, 0x000001f8837d1018]
Event: 7.416 Thread 0x000001f89411c400 3475       2       jdk.internal.jrtfs.JrtFileSystem::getPath (7 bytes)
Event: 7.416 Thread 0x000001f89411c400 nmethod 3475 0x000001f8837d1390 code [0x000001f8837d1520, 0x000001f8837d1648]
Event: 7.416 Thread 0x000001f89411c400 3477   !   2       org.eclipse.jdt.internal.compiler.util.JrtFileSystem::getFileBytes (71 bytes)
Event: 7.416 Thread 0x000001f89411c400 nmethod 3477 0x000001f8837d1710 code [0x000001f8837d18e0, 0x000001f8837d1ca8]
Event: 7.416 Thread 0x000001f89411c400 3478       2       org.eclipse.jdt.internal.compiler.env.IModule$IPackageExport::isQualified (20 bytes)
Event: 7.416 Thread 0x000001f89411c400 nmethod 3478 0x000001f8837d1f10 code [0x000001f8837d20a0, 0x000001f8837d2238]
Event: 7.416 Thread 0x000001f89411c400 3480 %     3       java.util.Arrays::hashCode @ 16 (44 bytes)
Event: 7.417 Thread 0x000001f89411c400 nmethod 3480% 0x000001f8837d2310 code [0x000001f8837d24c0, 0x000001f8837d2758]
Event: 7.417 Thread 0x000001f89411c400 3479       2       org.eclipse.jdt.internal.core.PackageFragment::getElementName (22 bytes)
Event: 7.417 Thread 0x000001f89411c400 nmethod 3479 0x000001f8837d2890 code [0x000001f8837d2a40, 0x000001f8837d2ba8]
Event: 7.419 Thread 0x000001f89411c400 3481       2       java.nio.file.Files::newDirectoryStream (12 bytes)
Event: 7.419 Thread 0x000001f89411c400 nmethod 3481 0x000001f8837d2c90 code [0x000001f8837d2e40, 0x000001f8837d2fa8]
Event: 7.419 Thread 0x000001f89411c400 3482       2       java.nio.file.FileTreeWalker$DirectoryNode::<init> (30 bytes)
Event: 7.419 Thread 0x000001f89411c400 nmethod 3482 0x000001f8837d3090 code [0x000001f8837d3220, 0x000001f8837d33a8]

GC Heap History (20 events):
Event: 2.330 GC heap before
{Heap before GC invocations=2 (full 0):
 PSYoungGen      total 29696K, used 21322K [0x00000000eab00000, 0x00000000ecc00000, 0x0000000100000000)
  eden space 25600K, 67% used [0x00000000eab00000,0x00000000ebbd8db8,0x00000000ec400000)
  from space 4096K, 99% used [0x00000000ec400000,0x00000000ec7f9d68,0x00000000ec800000)
  to   space 4096K, 0% used [0x00000000ec800000,0x00000000ec800000,0x00000000ecc00000)
 ParOldGen       total 68608K, used 32K [0x00000000c0000000, 0x00000000c4300000, 0x00000000eab00000)
  object space 68608K, 0% used [0x00000000c0000000,0x00000000c0008000,0x00000000c4300000)
 Metaspace       used 21186K, committed 21504K, reserved 1073152K
  class space    used 2125K, committed 2240K, reserved 1048576K
}
Event: 2.335 GC heap after
{Heap after GC invocations=2 (full 0):
 PSYoungGen      total 29696K, used 4068K [0x00000000eab00000, 0x00000000ecc00000, 0x0000000100000000)
  eden space 25600K, 0% used [0x00000000eab00000,0x00000000eab00000,0x00000000ec400000)
  from space 4096K, 99% used [0x00000000ec800000,0x00000000ecbf90d0,0x00000000ecc00000)
  to   space 4096K, 0% used [0x00000000ec400000,0x00000000ec400000,0x00000000ec800000)
 ParOldGen       total 68608K, used 2479K [0x00000000c0000000, 0x00000000c4300000, 0x00000000eab00000)
  object space 68608K, 3% used [0x00000000c0000000,0x00000000c026bcc8,0x00000000c4300000)
 Metaspace       used 21186K, committed 21504K, reserved 1073152K
  class space    used 2125K, committed 2240K, reserved 1048576K
}
Event: 2.335 GC heap before
{Heap before GC invocations=3 (full 1):
 PSYoungGen      total 29696K, used 4068K [0x00000000eab00000, 0x00000000ecc00000, 0x0000000100000000)
  eden space 25600K, 0% used [0x00000000eab00000,0x00000000eab00000,0x00000000ec400000)
  from space 4096K, 99% used [0x00000000ec800000,0x00000000ecbf90d0,0x00000000ecc00000)
  to   space 4096K, 0% used [0x00000000ec400000,0x00000000ec400000,0x00000000ec800000)
 ParOldGen       total 68608K, used 2479K [0x00000000c0000000, 0x00000000c4300000, 0x00000000eab00000)
  object space 68608K, 3% used [0x00000000c0000000,0x00000000c026bcc8,0x00000000c4300000)
 Metaspace       used 21186K, committed 21504K, reserved 1073152K
  class space    used 2125K, committed 2240K, reserved 1048576K
}
Event: 2.350 GC heap after
{Heap after GC invocations=3 (full 1):
 PSYoungGen      total 29696K, used 0K [0x00000000eab00000, 0x00000000ecc00000, 0x0000000100000000)
  eden space 25600K, 0% used [0x00000000eab00000,0x00000000eab00000,0x00000000ec400000)
  from space 4096K, 0% used [0x00000000ec800000,0x00000000ec800000,0x00000000ecc00000)
  to   space 4096K, 0% used [0x00000000ec400000,0x00000000ec400000,0x00000000ec800000)
 ParOldGen       total 68608K, used 6460K [0x00000000c0000000, 0x00000000c4300000, 0x00000000eab00000)
  object space 68608K, 9% used [0x00000000c0000000,0x00000000c064f168,0x00000000c4300000)
 Metaspace       used 21186K, committed 21504K, reserved 1073152K
  class space    used 2125K, committed 2240K, reserved 1048576K
}
Event: 3.430 GC heap before
{Heap before GC invocations=4 (full 1):
 PSYoungGen      total 29696K, used 25600K [0x00000000eab00000, 0x00000000ecc00000, 0x0000000100000000)
  eden space 25600K, 100% used [0x00000000eab00000,0x00000000ec400000,0x00000000ec400000)
  from space 4096K, 0% used [0x00000000ec800000,0x00000000ec800000,0x00000000ecc00000)
  to   space 4096K, 0% used [0x00000000ec400000,0x00000000ec400000,0x00000000ec800000)
 ParOldGen       total 68608K, used 6460K [0x00000000c0000000, 0x00000000c4300000, 0x00000000eab00000)
  object space 68608K, 9% used [0x00000000c0000000,0x00000000c064f168,0x00000000c4300000)
 Metaspace       used 28722K, committed 29248K, reserved 1081344K
  class space    used 2891K, committed 3136K, reserved 1048576K
}
Event: 3.431 GC heap after
{Heap after GC invocations=4 (full 1):
 PSYoungGen      total 29696K, used 1936K [0x00000000eab00000, 0x00000000ecc00000, 0x0000000100000000)
  eden space 25600K, 0% used [0x00000000eab00000,0x00000000eab00000,0x00000000ec400000)
  from space 4096K, 47% used [0x00000000ec400000,0x00000000ec5e4198,0x00000000ec800000)
  to   space 4096K, 0% used [0x00000000ec800000,0x00000000ec800000,0x00000000ecc00000)
 ParOldGen       total 68608K, used 6468K [0x00000000c0000000, 0x00000000c4300000, 0x00000000eab00000)
  object space 68608K, 9% used [0x00000000c0000000,0x00000000c0651168,0x00000000c4300000)
 Metaspace       used 28722K, committed 29248K, reserved 1081344K
  class space    used 2891K, committed 3136K, reserved 1048576K
}
Event: 4.248 GC heap before
{Heap before GC invocations=5 (full 1):
 PSYoungGen      total 29696K, used 27536K [0x00000000eab00000, 0x00000000ecc00000, 0x0000000100000000)
  eden space 25600K, 100% used [0x00000000eab00000,0x00000000ec400000,0x00000000ec400000)
  from space 4096K, 47% used [0x00000000ec400000,0x00000000ec5e4198,0x00000000ec800000)
  to   space 4096K, 0% used [0x00000000ec800000,0x00000000ec800000,0x00000000ecc00000)
 ParOldGen       total 68608K, used 6468K [0x00000000c0000000, 0x00000000c4300000, 0x00000000eab00000)
  object space 68608K, 9% used [0x00000000c0000000,0x00000000c0651168,0x00000000c4300000)
 Metaspace       used 32999K, committed 33664K, reserved 1081344K
  class space    used 3354K, committed 3648K, reserved 1048576K
}
Event: 4.250 GC heap after
{Heap after GC invocations=5 (full 1):
 PSYoungGen      total 29696K, used 4093K [0x00000000eab00000, 0x00000000ecc00000, 0x0000000100000000)
  eden space 25600K, 0% used [0x00000000eab00000,0x00000000eab00000,0x00000000ec400000)
  from space 4096K, 99% used [0x00000000ec800000,0x00000000ecbff688,0x00000000ecc00000)
  to   space 4096K, 0% used [0x00000000ec400000,0x00000000ec400000,0x00000000ec800000)
 ParOldGen       total 68608K, used 6612K [0x00000000c0000000, 0x00000000c4300000, 0x00000000eab00000)
  object space 68608K, 9% used [0x00000000c0000000,0x00000000c0675168,0x00000000c4300000)
 Metaspace       used 32999K, committed 33664K, reserved 1081344K
  class space    used 3354K, committed 3648K, reserved 1048576K
}
Event: 4.438 GC heap before
{Heap before GC invocations=6 (full 1):
 PSYoungGen      total 29696K, used 29693K [0x00000000eab00000, 0x00000000ecc00000, 0x0000000100000000)
  eden space 25600K, 100% used [0x00000000eab00000,0x00000000ec400000,0x00000000ec400000)
  from space 4096K, 99% used [0x00000000ec800000,0x00000000ecbff688,0x00000000ecc00000)
  to   space 4096K, 0% used [0x00000000ec400000,0x00000000ec400000,0x00000000ec800000)
 ParOldGen       total 68608K, used 6612K [0x00000000c0000000, 0x00000000c4300000, 0x00000000eab00000)
  object space 68608K, 9% used [0x00000000c0000000,0x00000000c0675168,0x00000000c4300000)
 Metaspace       used 33189K, committed 33792K, reserved 1081344K
  class space    used 3371K, committed 3648K, reserved 1048576K
}
Event: 4.443 GC heap after
{Heap after GC invocations=6 (full 1):
 PSYoungGen      total 29184K, used 4093K [0x00000000eab00000, 0x00000000ed180000, 0x0000000100000000)
  eden space 25088K, 0% used [0x00000000eab00000,0x00000000eab00000,0x00000000ec380000)
  from space 4096K, 99% used [0x00000000ec400000,0x00000000ec7ff658,0x00000000ec800000)
  to   space 7168K, 0% used [0x00000000eca80000,0x00000000eca80000,0x00000000ed180000)
 ParOldGen       total 68608K, used 9076K [0x00000000c0000000, 0x00000000c4300000, 0x00000000eab00000)
  object space 68608K, 13% used [0x00000000c0000000,0x00000000c08dd188,0x00000000c4300000)
 Metaspace       used 33189K, committed 33792K, reserved 1081344K
  class space    used 3371K, committed 3648K, reserved 1048576K
}
Event: 4.613 GC heap before
{Heap before GC invocations=7 (full 1):
 PSYoungGen      total 29184K, used 29181K [0x00000000eab00000, 0x00000000ed180000, 0x0000000100000000)
  eden space 25088K, 100% used [0x00000000eab00000,0x00000000ec380000,0x00000000ec380000)
  from space 4096K, 99% used [0x00000000ec400000,0x00000000ec7ff658,0x00000000ec800000)
  to   space 7168K, 0% used [0x00000000eca80000,0x00000000eca80000,0x00000000ed180000)
 ParOldGen       total 68608K, used 9076K [0x00000000c0000000, 0x00000000c4300000, 0x00000000eab00000)
  object space 68608K, 13% used [0x00000000c0000000,0x00000000c08dd188,0x00000000c4300000)
 Metaspace       used 33250K, committed 33856K, reserved 1081344K
  class space    used 3382K, committed 3648K, reserved 1048576K
}
Event: 4.617 GC heap after
{Heap after GC invocations=7 (full 1):
 PSYoungGen      total 31744K, used 7165K [0x00000000eab00000, 0x00000000ed200000, 0x0000000100000000)
  eden space 24576K, 0% used [0x00000000eab00000,0x00000000eab00000,0x00000000ec300000)
  from space 7168K, 99% used [0x00000000eca80000,0x00000000ed17f688,0x00000000ed180000)
  to   space 7680K, 0% used [0x00000000ec300000,0x00000000ec300000,0x00000000eca80000)
 ParOldGen       total 68608K, used 9076K [0x00000000c0000000, 0x00000000c4300000, 0x00000000eab00000)
  object space 68608K, 13% used [0x00000000c0000000,0x00000000c08dd188,0x00000000c4300000)
 Metaspace       used 33250K, committed 33856K, reserved 1081344K
  class space    used 3382K, committed 3648K, reserved 1048576K
}
Event: 4.768 GC heap before
{Heap before GC invocations=8 (full 1):
 PSYoungGen      total 31744K, used 31741K [0x00000000eab00000, 0x00000000ed200000, 0x0000000100000000)
  eden space 24576K, 100% used [0x00000000eab00000,0x00000000ec300000,0x00000000ec300000)
  from space 7168K, 99% used [0x00000000eca80000,0x00000000ed17f688,0x00000000ed180000)
  to   space 7680K, 0% used [0x00000000ec300000,0x00000000ec300000,0x00000000eca80000)
 ParOldGen       total 68608K, used 9076K [0x00000000c0000000, 0x00000000c4300000, 0x00000000eab00000)
  object space 68608K, 13% used [0x00000000c0000000,0x00000000c08dd188,0x00000000c4300000)
 Metaspace       used 33250K, committed 33856K, reserved 1081344K
  class space    used 3382K, committed 3648K, reserved 1048576K
}
Event: 4.774 GC heap after
{Heap after GC invocations=8 (full 1):
 PSYoungGen      total 31744K, used 7649K [0x00000000eab00000, 0x00000000ed780000, 0x0000000100000000)
  eden space 24064K, 0% used [0x00000000eab00000,0x00000000eab00000,0x00000000ec280000)
  from space 7680K, 99% used [0x00000000ec300000,0x00000000eca78720,0x00000000eca80000)
  to   space 10752K, 0% used [0x00000000ecd00000,0x00000000ecd00000,0x00000000ed780000)
 ParOldGen       total 68608K, used 11222K [0x00000000c0000000, 0x00000000c4300000, 0x00000000eab00000)
  object space 68608K, 16% used [0x00000000c0000000,0x00000000c0af5870,0x00000000c4300000)
 Metaspace       used 33250K, committed 33856K, reserved 1081344K
  class space    used 3382K, committed 3648K, reserved 1048576K
}
Event: 5.114 GC heap before
{Heap before GC invocations=9 (full 1):
 PSYoungGen      total 31744K, used 31713K [0x00000000eab00000, 0x00000000ed780000, 0x0000000100000000)
  eden space 24064K, 100% used [0x00000000eab00000,0x00000000ec280000,0x00000000ec280000)
  from space 7680K, 99% used [0x00000000ec300000,0x00000000eca78720,0x00000000eca80000)
  to   space 10752K, 0% used [0x00000000ecd00000,0x00000000ecd00000,0x00000000ed780000)
 ParOldGen       total 68608K, used 11222K [0x00000000c0000000, 0x00000000c4300000, 0x00000000eab00000)
  object space 68608K, 16% used [0x00000000c0000000,0x00000000c0af5870,0x00000000c4300000)
 Metaspace       used 33564K, committed 34176K, reserved 1081344K
  class space    used 3418K, committed 3712K, reserved 1048576K
}
Event: 5.124 GC heap after
{Heap after GC invocations=9 (full 1):
 PSYoungGen      total 31744K, used 8076K [0x00000000eab00000, 0x00000000ed500000, 0x0000000100000000)
  eden space 23552K, 0% used [0x00000000eab00000,0x00000000eab00000,0x00000000ec200000)
  from space 8192K, 98% used [0x00000000ecd00000,0x00000000ed4e32c8,0x00000000ed500000)
  to   space 8704K, 0% used [0x00000000ec400000,0x00000000ec400000,0x00000000ecc80000)
 ParOldGen       total 68608K, used 14212K [0x00000000c0000000, 0x00000000c4300000, 0x00000000eab00000)
  object space 68608K, 20% used [0x00000000c0000000,0x00000000c0de1048,0x00000000c4300000)
 Metaspace       used 33564K, committed 34176K, reserved 1081344K
  class space    used 3418K, committed 3712K, reserved 1048576K
}
Event: 5.710 GC heap before
{Heap before GC invocations=10 (full 1):
 PSYoungGen      total 31744K, used 15335K [0x00000000eab00000, 0x00000000ed500000, 0x0000000100000000)
  eden space 23552K, 30% used [0x00000000eab00000,0x00000000eb216cc8,0x00000000ec200000)
  from space 8192K, 98% used [0x00000000ecd00000,0x00000000ed4e32c8,0x00000000ed500000)
  to   space 8704K, 0% used [0x00000000ec400000,0x00000000ec400000,0x00000000ecc80000)
 ParOldGen       total 68608K, used 14212K [0x00000000c0000000, 0x00000000c4300000, 0x00000000eab00000)
  object space 68608K, 20% used [0x00000000c0000000,0x00000000c0de1048,0x00000000c4300000)
 Metaspace       used 35266K, committed 35840K, reserved 1089536K
  class space    used 3630K, committed 3904K, reserved 1048576K
}
Event: 5.717 GC heap after
{Heap after GC invocations=10 (full 1):
 PSYoungGen      total 29696K, used 5992K [0x00000000eab00000, 0x00000000ed000000, 0x0000000100000000)
  eden space 23552K, 0% used [0x00000000eab00000,0x00000000eab00000,0x00000000ec200000)
  from space 6144K, 97% used [0x00000000ec400000,0x00000000ec9da1e0,0x00000000eca00000)
  to   space 6144K, 0% used [0x00000000eca00000,0x00000000eca00000,0x00000000ed000000)
 ParOldGen       total 68608K, used 16770K [0x00000000c0000000, 0x00000000c4300000, 0x00000000eab00000)
  object space 68608K, 24% used [0x00000000c0000000,0x00000000c1060bf8,0x00000000c4300000)
 Metaspace       used 35266K, committed 35840K, reserved 1089536K
  class space    used 3630K, committed 3904K, reserved 1048576K
}
Event: 5.717 GC heap before
{Heap before GC invocations=11 (full 2):
 PSYoungGen      total 29696K, used 5992K [0x00000000eab00000, 0x00000000ed000000, 0x0000000100000000)
  eden space 23552K, 0% used [0x00000000eab00000,0x00000000eab00000,0x00000000ec200000)
  from space 6144K, 97% used [0x00000000ec400000,0x00000000ec9da1e0,0x00000000eca00000)
  to   space 6144K, 0% used [0x00000000eca00000,0x00000000eca00000,0x00000000ed000000)
 ParOldGen       total 68608K, used 16770K [0x00000000c0000000, 0x00000000c4300000, 0x00000000eab00000)
  object space 68608K, 24% used [0x00000000c0000000,0x00000000c1060bf8,0x00000000c4300000)
 Metaspace       used 35266K, committed 35840K, reserved 1089536K
  class space    used 3630K, committed 3904K, reserved 1048576K
}
Event: 5.762 GC heap after
{Heap after GC invocations=11 (full 2):
 PSYoungGen      total 29696K, used 0K [0x00000000eab00000, 0x00000000ed000000, 0x0000000100000000)
  eden space 23552K, 0% used [0x00000000eab00000,0x00000000eab00000,0x00000000ec200000)
  from space 6144K, 0% used [0x00000000ec400000,0x00000000ec400000,0x00000000eca00000)
  to   space 6144K, 0% used [0x00000000eca00000,0x00000000eca00000,0x00000000ed000000)
 ParOldGen       total 68608K, used 19588K [0x00000000c0000000, 0x00000000c4300000, 0x00000000eab00000)
  object space 68608K, 28% used [0x00000000c0000000,0x00000000c13210c0,0x00000000c4300000)
 Metaspace       used 35266K, committed 35840K, reserved 1089536K
  class space    used 3630K, committed 3904K, reserved 1048576K
}

Deoptimization events (20 events):
Event: 6.016 Thread 0x000001f894c05e40 Uncommon trap: trap_request=0xffffffde fr.pc=0x000001f88a741754 relative=0x0000000000000ab4
Event: 6.016 Thread 0x000001f894c05e40 Uncommon trap: reason=class_check action=maybe_recompile pc=0x000001f88a741754 method=java.util.concurrent.ConcurrentHashMap.putVal(Ljava/lang/Object;Ljava/lang/Object;Z)Ljava/lang/Object; @ 159 c2
Event: 6.016 Thread 0x000001f894c05e40 DEOPT PACKING pc=0x000001f88a741754 sp=0x0000004cb0afdcd0
Event: 6.016 Thread 0x000001f894c05e40 DEOPT UNPACKING pc=0x000001f882c020a3 sp=0x0000004cb0afdc50 mode 2
Event: 6.835 Thread 0x000001f894c05970 Uncommon trap: trap_request=0xffffffbe fr.pc=0x000001f88a7af144 relative=0x0000000000003a64
Event: 6.836 Thread 0x000001f894c05970 Uncommon trap: reason=profile_predicate action=maybe_recompile pc=0x000001f88a7af144 method=org.eclipse.jdt.internal.core.util.HashtableOfArrayToObject.get([Ljava/lang/Object;)Ljava/lang/Object; @ 64 c2
Event: 6.836 Thread 0x000001f894c05970 DEOPT PACKING pc=0x000001f88a7af144 sp=0x0000004cb0dfd500
Event: 6.836 Thread 0x000001f894c05970 DEOPT UNPACKING pc=0x000001f882c020a3 sp=0x0000004cb0dfd470 mode 2
Event: 6.839 Thread 0x000001f894c05970 Uncommon trap: trap_request=0xffffffbe fr.pc=0x000001f88a7af144 relative=0x0000000000003a64
Event: 6.839 Thread 0x000001f894c05970 Uncommon trap: reason=profile_predicate action=maybe_recompile pc=0x000001f88a7af144 method=org.eclipse.jdt.internal.core.util.HashtableOfArrayToObject.get([Ljava/lang/Object;)Ljava/lang/Object; @ 64 c2
Event: 6.839 Thread 0x000001f894c05970 DEOPT PACKING pc=0x000001f88a7af144 sp=0x0000004cb0dfd500
Event: 6.839 Thread 0x000001f894c05970 DEOPT UNPACKING pc=0x000001f882c020a3 sp=0x0000004cb0dfd470 mode 2
Event: 6.919 Thread 0x000001f894c05970 Uncommon trap: trap_request=0xffffffbe fr.pc=0x000001f88a7af144 relative=0x0000000000003a64
Event: 6.919 Thread 0x000001f894c05970 Uncommon trap: reason=profile_predicate action=maybe_recompile pc=0x000001f88a7af144 method=org.eclipse.jdt.internal.core.util.HashtableOfArrayToObject.get([Ljava/lang/Object;)Ljava/lang/Object; @ 64 c2
Event: 6.919 Thread 0x000001f894c05970 DEOPT PACKING pc=0x000001f88a7af144 sp=0x0000004cb0dfd500
Event: 6.920 Thread 0x000001f894c05970 DEOPT UNPACKING pc=0x000001f882c020a3 sp=0x0000004cb0dfd470 mode 2
Event: 6.956 Thread 0x000001f894c05970 Uncommon trap: trap_request=0xffffffbe fr.pc=0x000001f88a7af144 relative=0x0000000000003a64
Event: 6.956 Thread 0x000001f894c05970 Uncommon trap: reason=profile_predicate action=maybe_recompile pc=0x000001f88a7af144 method=org.eclipse.jdt.internal.core.util.HashtableOfArrayToObject.get([Ljava/lang/Object;)Ljava/lang/Object; @ 64 c2
Event: 6.956 Thread 0x000001f894c05970 DEOPT PACKING pc=0x000001f88a7af144 sp=0x0000004cb0dfd500
Event: 6.966 Thread 0x000001f894c05970 DEOPT UNPACKING pc=0x000001f882c020a3 sp=0x0000004cb0dfd470 mode 2

Classes unloaded (0 events):
No events

Classes redefined (0 events):
No events

Internal exceptions (20 events):
Event: 5.315 Thread 0x000001f894c07b20 Exception <a 'sun/nio/fs/WindowsException'{0x00000000ead2f320}> (0x00000000ead2f320) 
thrown [e:\jenkins\tmp\workspace\build\src\src\hotspot\share\prims\jni.cpp, line 516]
Event: 5.366 Thread 0x000001f894c07b20 Exception <a 'sun/nio/fs/WindowsException'{0x00000000ead7d608}> (0x00000000ead7d608) 
thrown [e:\jenkins\tmp\workspace\build\src\src\hotspot\share\prims\jni.cpp, line 516]
Event: 5.390 Thread 0x000001f894c07b20 Exception <a 'sun/nio/fs/WindowsException'{0x00000000ead9e3b8}> (0x00000000ead9e3b8) 
thrown [e:\jenkins\tmp\workspace\build\src\src\hotspot\share\prims\jni.cpp, line 516]
Event: 5.394 Thread 0x000001f894c07b20 Exception <a 'sun/nio/fs/WindowsException'{0x00000000eada4570}> (0x00000000eada4570) 
thrown [e:\jenkins\tmp\workspace\build\src\src\hotspot\share\prims\jni.cpp, line 516]
Event: 5.398 Thread 0x000001f894c07b20 Exception <a 'sun/nio/fs/WindowsException'{0x00000000eadaa198}> (0x00000000eadaa198) 
thrown [e:\jenkins\tmp\workspace\build\src\src\hotspot\share\prims\jni.cpp, line 516]
Event: 5.401 Thread 0x000001f894c07b20 Exception <a 'sun/nio/fs/WindowsException'{0x00000000eadb0038}> (0x00000000eadb0038) 
thrown [e:\jenkins\tmp\workspace\build\src\src\hotspot\share\prims\jni.cpp, line 516]
Event: 5.420 Thread 0x000001f894c07b20 Exception <a 'sun/nio/fs/WindowsException'{0x00000000eadbc360}> (0x00000000eadbc360) 
thrown [e:\jenkins\tmp\workspace\build\src\src\hotspot\share\prims\jni.cpp, line 516]
Event: 5.477 Thread 0x000001f894c07b20 Exception <a 'sun/nio/fs/WindowsException'{0x00000000eae0a1a0}> (0x00000000eae0a1a0) 
thrown [e:\jenkins\tmp\workspace\build\src\src\hotspot\share\prims\jni.cpp, line 516]
Event: 5.492 Thread 0x000001f894c07b20 Exception <a 'sun/nio/fs/WindowsException'{0x00000000eae1bac0}> (0x00000000eae1bac0) 
thrown [e:\jenkins\tmp\workspace\build\src\src\hotspot\share\prims\jni.cpp, line 516]
Event: 5.492 Thread 0x000001f894c07b20 Exception <a 'sun/nio/fs/WindowsException'{0x00000000eae1d5d8}> (0x00000000eae1d5d8) 
thrown [e:\jenkins\tmp\workspace\build\src\src\hotspot\share\prims\jni.cpp, line 516]
Event: 5.492 Thread 0x000001f894c07b20 Exception <a 'sun/nio/fs/WindowsException'{0x00000000eae1dd90}> (0x00000000eae1dd90) 
thrown [e:\jenkins\tmp\workspace\build\src\src\hotspot\share\prims\jni.cpp, line 516]
Event: 5.493 Thread 0x000001f894c07b20 Exception <a 'sun/nio/fs/WindowsException'{0x00000000eae1e1a0}> (0x00000000eae1e1a0) 
thrown [e:\jenkins\tmp\workspace\build\src\src\hotspot\share\prims\jni.cpp, line 516]
Event: 5.493 Thread 0x000001f894c07b20 Exception <a 'sun/nio/fs/WindowsException'{0x00000000eae1eea8}> (0x00000000eae1eea8) 
thrown [e:\jenkins\tmp\workspace\build\src\src\hotspot\share\prims\jni.cpp, line 516]
Event: 5.497 Thread 0x000001f894c07b20 Exception <a 'java/io/FileNotFoundException'{0x00000000eae27b90}> (0x00000000eae27b90) 
thrown [e:\jenkins\tmp\workspace\build\src\src\hotspot\share\prims\jni.cpp, line 516]
Event: 5.500 Thread 0x000001f894c07b20 Exception <a 'java/io/FileNotFoundException'{0x00000000eae33988}> (0x00000000eae33988) 
thrown [e:\jenkins\tmp\workspace\build\src\src\hotspot\share\prims\jni.cpp, line 516]
Event: 5.502 Thread 0x000001f894c07b20 Exception <a 'sun/nio/fs/WindowsException'{0x00000000eae3b410}> (0x00000000eae3b410) 
thrown [e:\jenkins\tmp\workspace\build\src\src\hotspot\share\prims\jni.cpp, line 516]
Event: 5.514 Thread 0x000001f894c07b20 Exception <a 'sun/nio/fs/WindowsException'{0x00000000eae59a60}> (0x00000000eae59a60) 
thrown [e:\jenkins\tmp\workspace\build\src\src\hotspot\share\prims\jni.cpp, line 516]
Event: 5.528 Thread 0x000001f894c07b20 Exception <a 'sun/nio/fs/WindowsException'{0x00000000eae79008}> (0x00000000eae79008) 
thrown [e:\jenkins\tmp\workspace\build\src\src\hotspot\share\prims\jni.cpp, line 516]
Event: 5.551 Thread 0x000001f894c07b20 Exception <a 'java/lang/NoSuchMethodError'{0x00000000eaedd218}: 'void java.lang.invoke.DirectMethodHandle$Holder.invokeVirtual(java.lang.Object, java.lang.Object)'> (0x00000000eaedd218) 
thrown [e:\jenkins\tmp\workspace\build\src\src\hotspot\share\interpreter\linkResolver.cpp, line 766]
Event: 6.488 Thread 0x000001f894c054a0 Exception <a 'java/lang/NoSuchMethodError'{0x00000000eae527d0}: 'int java.lang.invoke.DirectMethodHandle$Holder.invokeSpecial(java.lang.Object, java.lang.Object, java.lang.Object)'> (0x00000000eae527d0) 
thrown [e:\jenkins\tmp\workspace\build\src\src\hotspot\share\interpreter\linkResolver.cpp, line 766]

VM Operations (20 events):
Event: 4.033 Executing VM operation: HandshakeAllThreads
Event: 4.033 Executing VM operation: HandshakeAllThreads done
Event: 4.193 Executing VM operation: ICBufferFull
Event: 4.193 Executing VM operation: ICBufferFull done
Event: 4.248 Executing VM operation: ParallelGCFailedAllocation
Event: 4.250 Executing VM operation: ParallelGCFailedAllocation done
Event: 4.438 Executing VM operation: ParallelGCFailedAllocation
Event: 4.443 Executing VM operation: ParallelGCFailedAllocation done
Event: 4.613 Executing VM operation: ParallelGCFailedAllocation
Event: 4.617 Executing VM operation: ParallelGCFailedAllocation done
Event: 4.768 Executing VM operation: ParallelGCFailedAllocation
Event: 4.774 Executing VM operation: ParallelGCFailedAllocation done
Event: 5.114 Executing VM operation: ParallelGCFailedAllocation
Event: 5.129 Executing VM operation: ParallelGCFailedAllocation done
Event: 5.710 Executing VM operation: CollectForMetadataAllocation
Event: 5.762 Executing VM operation: CollectForMetadataAllocation done
Event: 6.762 Executing VM operation: Cleanup
Event: 6.763 Executing VM operation: Cleanup done
Event: 6.772 Executing VM operation: HandshakeAllThreads
Event: 6.772 Executing VM operation: HandshakeAllThreads done

Events (20 events):
Event: 5.984 loading class java/util/concurrent/CompletableFuture$UniAccept done
Event: 5.984 loading class java/util/concurrent/CompletableFuture$UniExceptionally
Event: 5.984 loading class java/util/concurrent/CompletableFuture$UniExceptionally done
Event: 6.015 Thread 0x000001f894c07180 Thread added: 0x000001f894c07180
Event: 6.016 Thread 0x000001f894c05970 Thread added: 0x000001f894c05970
Event: 6.016 Thread 0x000001f894c08990 Thread added: 0x000001f894c08990
Event: 6.016 loading class java/util/stream/Nodes$ToArrayTask$OfRef
Event: 6.017 loading class java/util/stream/Nodes$ToArrayTask
Event: 6.017 loading class java/util/stream/Nodes$ToArrayTask done
Event: 6.017 loading class java/util/stream/Nodes$ToArrayTask$OfRef done
Event: 6.018 Thread 0x000001f89621b050 Thread exited: 0x000001f89621b050
Event: 6.019 Thread 0x000001f894c05e40 Thread exited: 0x000001f894c05e40
Event: 6.019 Thread 0x000001f894c07180 Thread exited: 0x000001f894c07180
Event: 6.100 loading class java/util/concurrent/CompletionException
Event: 6.100 loading class java/util/concurrent/CompletionException done
Event: 7.269 Thread 0x000001f894bab020 Thread exited: 0x000001f894bab020
Event: 7.278 loading class java/lang/UnsupportedClassVersionError
Event: 7.278 loading class java/lang/UnsupportedClassVersionError done
Event: 7.314 loading class jdk/internal/reflect/UnsafeQualifiedStaticIntegerFieldAccessorImpl
Event: 7.315 loading class jdk/internal/reflect/UnsafeQualifiedStaticIntegerFieldAccessorImpl done


Dynamic libraries:
0x00007ff7407f0000 - 0x00007ff7407fe000 	c:\Users\lumin\.vscode\extensions\redhat.java-1.4.0\jre\17.0.2-win32-x86_64\bin\java.exe
0x00007ff9e9cf0000 - 0x00007ff9e9ee5000 	C:\WINDOWS\SYSTEM32\ntdll.dll
0x00007ff9e83c0000 - 0x00007ff9e847e000 	C:\WINDOWS\System32\KERNEL32.DLL
0x00007ff9e7a80000 - 0x00007ff9e7d48000 	C:\WINDOWS\System32\KERNELBASE.dll
0x00007ff9e7780000 - 0x00007ff9e7880000 	C:\WINDOWS\System32\ucrtbase.dll
0x00007ff9c7a00000 - 0x00007ff9c7a19000 	c:\Users\lumin\.vscode\extensions\redhat.java-1.4.0\jre\17.0.2-win32-x86_64\bin\VCRUNTIME140.dll
0x00007ff9e2fb0000 - 0x00007ff9e2fc8000 	c:\Users\lumin\.vscode\extensions\redhat.java-1.4.0\jre\17.0.2-win32-x86_64\bin\jli.dll
0x00007ff9e93b0000 - 0x00007ff9e9550000 	C:\WINDOWS\System32\USER32.dll
0x00007ff9e7880000 - 0x00007ff9e78a2000 	C:\WINDOWS\System32\win32u.dll
0x00007ff9e8390000 - 0x00007ff9e83bb000 	C:\WINDOWS\System32\GDI32.dll
0x00007ff9e75e0000 - 0x00007ff9e76eb000 	C:\WINDOWS\System32\gdi32full.dll
0x00007ff9e79e0000 - 0x00007ff9e7a7d000 	C:\WINDOWS\System32\msvcp_win.dll
0x00007ff9d4d50000 - 0x00007ff9d4fea000 	C:\WINDOWS\WinSxS\amd64_microsoft.windows.common-controls_6595b64144ccf1df_6.0.19041.1110_none_60b5254171f9507e\COMCTL32.dll
0x00007ff9e86d0000 - 0x00007ff9e876e000 	C:\WINDOWS\System32\msvcrt.dll
0x00007ff9e7d50000 - 0x00007ff9e7d80000 	C:\WINDOWS\System32\IMM32.DLL
0x00007ff9dfb30000 - 0x00007ff9dfb3c000 	c:\Users\lumin\.vscode\extensions\redhat.java-1.4.0\jre\17.0.2-win32-x86_64\bin\vcruntime140_1.dll
0x00007ff980030000 - 0x00007ff9800c1000 	c:\Users\lumin\.vscode\extensions\redhat.java-1.4.0\jre\17.0.2-win32-x86_64\bin\msvcp140.dll
0x00007ff973c10000 - 0x00007ff974857000 	c:\Users\lumin\.vscode\extensions\redhat.java-1.4.0\jre\17.0.2-win32-x86_64\bin\server\jvm.dll
0x00007ff9e8620000 - 0x00007ff9e86ce000 	C:\WINDOWS\System32\ADVAPI32.dll
0x00007ff9e84e0000 - 0x00007ff9e857c000 	C:\WINDOWS\System32\sechost.dll
0x00007ff9e7d80000 - 0x00007ff9e7ea5000 	C:\WINDOWS\System32\RPCRT4.dll
0x00007ff9e93a0000 - 0x00007ff9e93a8000 	C:\WINDOWS\System32\PSAPI.DLL
0x00007ff9c8f90000 - 0x00007ff9c8f99000 	C:\WINDOWS\SYSTEM32\WSOCK32.dll
0x00007ff9e8320000 - 0x00007ff9e838b000 	C:\WINDOWS\System32\WS2_32.dll
0x00007ff9cf830000 - 0x00007ff9cf857000 	C:\WINDOWS\SYSTEM32\WINMM.dll
0x00007ff9df030000 - 0x00007ff9df03a000 	C:\WINDOWS\SYSTEM32\VERSION.dll
0x00007ff9e5320000 - 0x00007ff9e5332000 	C:\WINDOWS\SYSTEM32\kernel.appcore.dll
0x00007ff9de650000 - 0x00007ff9de65a000 	c:\Users\lumin\.vscode\extensions\redhat.java-1.4.0\jre\17.0.2-win32-x86_64\bin\jimage.dll
0x00007ff9d72a0000 - 0x00007ff9d7484000 	C:\WINDOWS\SYSTEM32\DBGHELP.DLL
0x00007ff9c8d20000 - 0x00007ff9c8d4c000 	C:\WINDOWS\SYSTEM32\dbgcore.DLL
0x00007ff9e76f0000 - 0x00007ff9e7772000 	C:\WINDOWS\System32\bcryptPrimitives.dll
0x00007ff9b3350000 - 0x00007ff9b3375000 	c:\Users\lumin\.vscode\extensions\redhat.java-1.4.0\jre\17.0.2-win32-x86_64\bin\java.dll
0x00007ff9c00b0000 - 0x00007ff9c00c8000 	c:\Users\lumin\.vscode\extensions\redhat.java-1.4.0\jre\17.0.2-win32-x86_64\bin\zip.dll
0x00007ff9e8c50000 - 0x00007ff9e9394000 	C:\WINDOWS\System32\SHELL32.dll
0x00007ff9e5520000 - 0x00007ff9e5cb4000 	C:\WINDOWS\SYSTEM32\windows.storage.dll
0x00007ff9e9550000 - 0x00007ff9e98a4000 	C:\WINDOWS\System32\combase.dll
0x00007ff9e6e70000 - 0x00007ff9e6e9c000 	C:\WINDOWS\SYSTEM32\Wldp.dll
0x00007ff9e8770000 - 0x00007ff9e881d000 	C:\WINDOWS\System32\SHCORE.dll
0x00007ff9e8b00000 - 0x00007ff9e8b55000 	C:\WINDOWS\System32\shlwapi.dll
0x00007ff9e7350000 - 0x00007ff9e736f000 	C:\WINDOWS\SYSTEM32\profapi.dll
0x00007ff9b41e0000 - 0x00007ff9b41f9000 	C:\Users\lumin\.vscode\extensions\redhat.java-1.4.0\jre\17.0.2-win32-x86_64\bin\net.dll
0x00007ff9d8000000 - 0x00007ff9d8109000 	C:\WINDOWS\SYSTEM32\WINHTTP.dll
0x00007ff9e6bd0000 - 0x00007ff9e6c3a000 	C:\WINDOWS\system32\mswsock.dll
0x00007ff9b3300000 - 0x00007ff9b3315000 	C:\Users\lumin\.vscode\extensions\redhat.java-1.4.0\jre\17.0.2-win32-x86_64\bin\nio.dll
0x00007ff9e6dc0000 - 0x00007ff9e6dd8000 	C:\WINDOWS\SYSTEM32\CRYPTSP.dll
0x00007ff9e64e0000 - 0x00007ff9e6514000 	C:\WINDOWS\system32\rsaenh.dll
0x00007ff9e78b0000 - 0x00007ff9e78d7000 	C:\WINDOWS\System32\bcrypt.dll
0x00007ff9e72d0000 - 0x00007ff9e72fe000 	C:\WINDOWS\SYSTEM32\USERENV.dll
0x00007ff9e6de0000 - 0x00007ff9e6dec000 	C:\WINDOWS\SYSTEM32\CRYPTBASE.dll
0x00007ff9e6870000 - 0x00007ff9e68ab000 	C:\WINDOWS\SYSTEM32\IPHLPAPI.DLL
0x00007ff9e8580000 - 0x00007ff9e8588000 	C:\WINDOWS\System32\NSI.dll
0x00007ff9df3c0000 - 0x00007ff9df3d7000 	C:\WINDOWS\SYSTEM32\dhcpcsvc6.DLL
0x00007ff9df3a0000 - 0x00007ff9df3bd000 	C:\WINDOWS\SYSTEM32\dhcpcsvc.DLL
0x00007ff9e68b0000 - 0x00007ff9e697a000 	C:\WINDOWS\SYSTEM32\DNSAPI.dll
0x00007ff9bcad0000 - 0x00007ff9bcb0e000 	C:\Users\lumin\AppData\Roaming\Code\User\globalStorage\redhat.java\1.4.0\config_ss_win\org.eclipse.equinox.launcher\org.eclipse.equinox.launcher.win32.win32.x86_64_1.2.400.v20211117-0650\eclipse_11602.dll
0x00007ff9e9970000 - 0x00007ff9e9a9a000 	C:\WINDOWS\System32\ole32.dll
0x00007ff9de5a0000 - 0x00007ff9de5b0000 	c:\Users\lumin\.vscode\extensions\redhat.java-1.4.0\jre\17.0.2-win32-x86_64\bin\verify.dll
0x00007ff9c7a30000 - 0x00007ff9c7a41000 	C:\Users\lumin\AppData\Roaming\Code\User\globalStorage\redhat.java\1.4.0\config_ss_win\org.eclipse.osgi\15\0\.cp\jWinHttp-1.0.0.dll

dbghelp: loaded successfully - version: 4.0.5 - missing functions: none
symbol engine: initialized successfully - sym options: 0x614 - pdb path: .;c:\Users\lumin\.vscode\extensions\redhat.java-1.4.0\jre\17.0.2-win32-x86_64\bin;C:\WINDOWS\SYSTEM32;C:\WINDOWS\WinSxS\amd64_microsoft.windows.common-controls_6595b64144ccf1df_6.0.19041.1110_none_60b5254171f9507e;c:\Users\lumin\.vscode\extensions\redhat.java-1.4.0\jre\17.0.2-win32-x86_64\bin\server;C:\Users\lumin\AppData\Roaming\Code\User\globalStorage\redhat.java\1.4.0\config_ss_win\org.eclipse.equinox.launcher\org.eclipse.equinox.launcher.win32.win32.x86_64_1.2.400.v20211117-0650;C:\Users\lumin\AppData\Roaming\Code\User\globalStorage\redhat.java\1.4.0\config_ss_win\org.eclipse.osgi\15\0\.cp

VM Arguments:
jvm_args: --add-modules=ALL-SYSTEM --add-opens=java.base/java.util=ALL-UNNAMED --add-opens=java.base/java.lang=ALL-UNNAMED --add-opens=java.base/sun.nio.fs=ALL-UNNAMED -Declipse.application=org.eclipse.jdt.ls.core.id1 -Dosgi.bundles.defaultStartLevel=4 -Declipse.product=org.eclipse.jdt.ls.core.product -Djava.import.generatesMetadataFilesAtProjectRoot=false -Dfile.encoding=utf8 -DwatchParentProcess=false -XX:+UseParallelGC -XX:GCTimeRatio=4 -XX:AdaptiveSizePolicyWeight=90 -Dsun.zip.disableMemoryMapping=true -Xmx1G -Xms100m 
java_command: c:\Users\lumin\.vscode\extensions\redhat.java-1.4.0\server\plugins\org.eclipse.equinox.launcher_1.6.400.v20210924-0641.jar -configuration c:\Users\lumin\AppData\Roaming\Code\User\globalStorage\redhat.java\1.4.0\config_ss_win -data c:\Users\lumin\AppData\Roaming\Code\User\workspaceStorage\05abdface0dca7f2afb16755ced39478\redhat.java\ss_ws
java_class_path (initial): c:\Users\lumin\.vscode\extensions\redhat.java-1.4.0\server\plugins\org.eclipse.equinox.launcher_1.6.400.v20210924-0641.jar
Launcher Type: SUN_STANDARD

[Global flags]
    uintx AdaptiveSizePolicyWeight                 = 90                                        {product} {command line}
     intx CICompilerCount                          = 4                                         {product} {ergonomic}
    uintx GCTimeRatio                              = 4                                         {product} {command line}
   size_t InitialHeapSize                          = 104857600                                 {product} {command line}
   size_t MaxHeapSize                              = 1073741824                                {product} {command line}
   size_t MaxNewSize                               = 357564416                                 {product} {ergonomic}
   size_t MinHeapDeltaBytes                        = 524288                                    {product} {ergonomic}
   size_t MinHeapSize                              = 104857600                                 {product} {command line}
   size_t NewSize                                  = 34603008                                  {product} {ergonomic}
    uintx NonNMethodCodeHeapSize                   = 5839372                                {pd product} {ergonomic}
    uintx NonProfiledCodeHeapSize                  = 122909434                              {pd product} {ergonomic}
   size_t OldSize                                  = 70254592                                  {product} {ergonomic}
    uintx ProfiledCodeHeapSize                     = 122909434                              {pd product} {ergonomic}
    uintx ReservedCodeCacheSize                    = 251658240                              {pd product} {ergonomic}
     bool SegmentedCodeCache                       = true                                      {product} {ergonomic}
   size_t SoftMaxHeapSize                          = 1073741824                             {manageable} {ergonomic}
     bool UseCompressedClassPointers               = true                           {product lp64_product} {ergonomic}
     bool UseCompressedOops                        = true                           {product lp64_product} {ergonomic}
     bool UseLargePagesIndividualAllocation        = false                                  {pd product} {ergonomic}
     bool UseParallelGC                            = true                                      {product} {command line}

Logging:
Log output configuration:
 #0: stdout all=warning uptime,level,tags
 #1: stderr all=off uptime,level,tags

Environment Variables:
PATH=C:\Program Files\Common Files\Oracle\Java\javapath;C:\Program Files (x86)\VMware\VMware Player\bin\;C:\WINDOWS\system32;C:\WINDOWS;C:\WINDOWS\System32\Wbem;C:\WINDOWS\System32\WindowsPowerShell\v1.0\;C:\WINDOWS\System32\OpenSSH\;C:\Program Files\Intel\WiFi\bin\;C:\Program Files\Common Files\Intel\WirelessCommon\;C:\Program Files\PuTTY\;C:\Program Files\Go\bin;D:\Program Files\nodejs\;C:\ProgramData\chocolatey\bin;D:\Program Files\Java\jdk-17\bin;D:\Program Files\Git\cmd;D:\msys64;C:\Program Files\Redis\;C:\Users\lumin\AppData\Local\Programs\Python\Python39\Scripts;D:\Python39\Scripts\;D:\Python39\;D:\Python310\Scripts\;D:\Python310\;C:\Users\lumin\AppData\Local\Microsoft\WindowsApps;C:\Users\lumin\AppData\Local\Programs\Microsoft VS Code\bin;C:\Users\lumin\go\bin;C:\modeltech_10.2c\win32;C:\Users\lumin\AppData\Roaming\npm;C:\Program Files\codeblocks-20.03mingw-nosetup\MinGW\bin;C:\Novas\Debussy\bin;D:\ffmpeg-n5.0-latest-win64-lgpl-5.0\bin;
USERNAME=lumin
OS=Windows_NT
PROCESSOR_IDENTIFIER=Intel64 Family 6 Model 142 Stepping 11, GenuineIntel



---------------  S Y S T E M  ---------------

OS:
 Windows 10 , 64 bit Build 19041 (10.0.19041.1566)
OS uptime: 5 days 9:54 hours

CPU: total 8 (initial active 8) (4 cores per cpu, 2 threads per core) family 6 model 142 stepping 11 microcode 0xca, cx8, cmov, fxsr, ht, mmx, 3dnowpref, sse, sse2, sse3, ssse3, sse4.1, sse4.2, popcnt, lzcnt, tsc, tscinvbit, avx, avx2, aes, erms, clmul, bmi1, bmi2, adx, fma, vzeroupper, clflush, clflushopt

Memory: 4k page, system-wide physical 8037M (411M free)
TotalPageFile size 32613M (AvailPageFile size 324M)
current process WorkingSet (physical memory assigned to process): 162M, peak: 165M
current process commit charge ("private bytes"): 254M, peak: 258M

vm_info: OpenJDK 64-Bit Server VM (17.0.2+8) for windows-amd64 JRE (17.0.2+8), built on Jan 20 2022 04:52:34 by "" with MS VC++ 16.7 (VS2019)

END.
