#
# There is insufficient memory for the Java Runtime Environment to continue.
# Native memory allocation (malloc) failed to allocate 506720 bytes for Chunk::new
# Possible reasons:
#   The system is out of physical RAM or swap space
#   The process is running with CompressedOops enabled, and the Java Heap may be blocking the growth of the native heap
# Possible solutions:
#   Reduce memory load on the system
#   Increase physical memory or swap space
#   Check if swap backing store is full
#   Decrease Java heap size (-Xmx/-Xms)
#   Decrease number of Java threads
#   Decrease Java thread stack sizes (-Xss)
#   Set larger code cache with -XX:ReservedCodeCacheSize=
#   JVM is running with Unscaled Compressed Oops mode in which the Java heap is
#     placed in the first 4GB address space. The Java Heap base address is the
#     maximum limit for the native heap growth. Please use -XX:HeapBaseMinAddress
#     to set the Java Heap base and to place the Java Heap above 4GB virtual address.
# This output file may be truncated or incomplete.
#
#  Out of Memory Error (arena.cpp:189), pid=6528, tid=7036
#
# JRE version: OpenJDK Runtime Environment Temurin-17.0.2+8 (17.0.2+8) (build 17.0.2+8)
# Java VM: OpenJDK 64-Bit Server VM Temurin-17.0.2+8 (17.0.2+8, mixed mode, tiered, compressed oops, compressed class ptrs, parallel gc, windows-amd64)
# No core dump will be written. Minidumps are not enabled by default on client versions of Windows
#

---------------  S U M M A R Y ------------

Command Line: --add-modules=ALL-SYSTEM --add-opens=java.base/java.util=ALL-UNNAMED --add-opens=java.base/java.lang=ALL-UNNAMED --add-opens=java.base/sun.nio.fs=ALL-UNNAMED -Declipse.application=org.eclipse.jdt.ls.core.id1 -Dosgi.bundles.defaultStartLevel=4 -Declipse.product=org.eclipse.jdt.ls.core.product -Djava.import.generatesMetadataFilesAtProjectRoot=false -Dfile.encoding=utf8 -DwatchParentProcess=false -XX:+UseParallelGC -XX:GCTimeRatio=4 -XX:AdaptiveSizePolicyWeight=90 -Dsun.zip.disableMemoryMapping=true -Xmx1G -Xms100m -XX:+HeapDumpOnOutOfMemoryError -XX:HeapDumpPath=c:\Users\lumin\AppData\Roaming\Code\User\workspaceStorage\05abdface0dca7f2afb16755ced39478\redhat.java c:\Users\lumin\.vscode\extensions\redhat.java-1.4.0\server\plugins\org.eclipse.equinox.launcher_1.6.400.v20210924-0641.jar -configuration c:\Users\lumin\AppData\Roaming\Code\User\globalStorage\redhat.java\1.4.0\config_win -data c:\Users\lumin\AppData\Roaming\Code\User\workspaceStorage\05abdface0dca7f2afb16755ced39478\redhat.java\jdt_ws

Host: Intel(R) Core(TM) i5-8265U CPU @ 1.60GHz, 8 cores, 7G,  Windows 10 , 64 bit Build 19041 (10.0.19041.1566)
Time: Wed Mar 23 21:53:43 2022  Windows 10 , 64 bit Build 19041 (10.0.19041.1566) elapsed time: 7.045883 seconds (0d 0h 0m 7s)

---------------  T H R E A D  ---------------

Current thread (0x0000011f45eb6ca0):  JavaThread "C2 CompilerThread0" daemon [_thread_in_native, id=7036, stack(0x0000001908400000,0x0000001908500000)]


Current CompileTask:
C2:   7045 4929   !   4       java.nio.file.FileTreeWalker::next (144 bytes)

Stack: [0x0000001908400000,0x0000001908500000]
Native frames: (J=compiled Java code, j=interpreted, Vv=VM code, C=native code)
V  [jvm.dll+0x67564a]
V  [jvm.dll+0x82fc04]
V  [jvm.dll+0x8313ae]
V  [jvm.dll+0x831a13]
V  [jvm.dll+0x245235]
V  [jvm.dll+0xabd7b]
V  [jvm.dll+0xac30c]
V  [jvm.dll+0x3631f7]
V  [jvm.dll+0x1bb702]
V  [jvm.dll+0x218229]
V  [jvm.dll+0x2174f1]
V  [jvm.dll+0x1a3a8d]
V  [jvm.dll+0x226ef8]
V  [jvm.dll+0x22503c]
V  [jvm.dll+0x7e596b]
V  [jvm.dll+0x7dff2a]
V  [jvm.dll+0x6744d5]
C  [ucrtbase.dll+0x21bb2]
C  [KERNEL32.DLL+0x17034]
C  [ntdll.dll+0x52651]


---------------  P R O C E S S  ---------------

Threads class SMR info:
_java_thread_list=0x0000011f51ef2390, length=28, elements={
0x0000011f2daecfd0, 0x0000011f439d4350, 0x0000011f439d7700, 0x0000011f45eda940,
0x0000011f45eb3ad0, 0x0000011f45eb4b30, 0x0000011f45eb5b90, 0x0000011f45eb6ca0,
0x0000011f45ef8cb0, 0x0000011f45f02520, 0x0000011f45ff0bd0, 0x0000011f461aaa20,
0x0000011f466a1410, 0x0000011f4679c200, 0x0000011f4679c980, 0x0000011f46a41500,
0x0000011f46a304d0, 0x0000011f46a0a9b0, 0x0000011f477b2a80, 0x0000011f4790f250,
0x0000011f46306740, 0x0000011f46306270, 0x0000011f46305da0, 0x0000011f46304f30,
0x0000011f463058d0, 0x0000011f46307a80, 0x0000011f463040c0, 0x0000011f46304590
}

Java Threads: ( => current thread )
  0x0000011f2daecfd0 JavaThread "main" [_thread_blocked, id=9168, stack(0x0000001907b00000,0x0000001907c00000)]
  0x0000011f439d4350 JavaThread "Reference Handler" daemon [_thread_blocked, id=21000, stack(0x0000001907e00000,0x0000001907f00000)]
  0x0000011f439d7700 JavaThread "Finalizer" daemon [_thread_blocked, id=720, stack(0x0000001907f00000,0x0000001908000000)]
  0x0000011f45eda940 JavaThread "Signal Dispatcher" daemon [_thread_blocked, id=26412, stack(0x0000001908000000,0x0000001908100000)]
  0x0000011f45eb3ad0 JavaThread "Attach Listener" daemon [_thread_blocked, id=6896, stack(0x0000001908100000,0x0000001908200000)]
  0x0000011f45eb4b30 JavaThread "Service Thread" daemon [_thread_blocked, id=9032, stack(0x0000001908200000,0x0000001908300000)]
  0x0000011f45eb5b90 JavaThread "Monitor Deflation Thread" daemon [_thread_blocked, id=21136, stack(0x0000001908300000,0x0000001908400000)]
=>0x0000011f45eb6ca0 JavaThread "C2 CompilerThread0" daemon [_thread_in_native, id=7036, stack(0x0000001908400000,0x0000001908500000)]
  0x0000011f45ef8cb0 JavaThread "C1 CompilerThread0" daemon [_thread_blocked, id=20504, stack(0x0000001908500000,0x0000001908600000)]
  0x0000011f45f02520 JavaThread "Sweeper thread" daemon [_thread_blocked, id=9392, stack(0x0000001908600000,0x0000001908700000)]
  0x0000011f45ff0bd0 JavaThread "Common-Cleaner" daemon [_thread_blocked, id=19744, stack(0x0000001908700000,0x0000001908800000)]
  0x0000011f461aaa20 JavaThread "Notification Thread" daemon [_thread_blocked, id=18476, stack(0x0000001908800000,0x0000001908900000)]
  0x0000011f466a1410 JavaThread "Active Thread: Equinox Container: 909fe622-26fb-4912-a87f-37fb5f3e1cb4" [_thread_blocked, id=11268, stack(0x0000001908a00000,0x0000001908b00000)]
  0x0000011f4679c200 JavaThread "Framework Event Dispatcher: Equinox Container: 909fe622-26fb-4912-a87f-37fb5f3e1cb4" daemon [_thread_blocked, id=21468, stack(0x0000001909100000,0x0000001909200000)]
  0x0000011f4679c980 JavaThread "Start Level: Equinox Container: 909fe622-26fb-4912-a87f-37fb5f3e1cb4" daemon [_thread_blocked, id=10432, stack(0x0000001909200000,0x0000001909300000)]
  0x0000011f46a41500 JavaThread "SCR Component Actor" daemon [_thread_blocked, id=22164, stack(0x0000001909300000,0x0000001909400000)]
  0x0000011f46a304d0 JavaThread "Timer-0" [_thread_blocked, id=17120, stack(0x0000001909400000,0x0000001909500000)]
  0x0000011f46a0a9b0 JavaThread "Bundle File Closer" daemon [_thread_blocked, id=18976, stack(0x0000001909500000,0x0000001909600000)]
  0x0000011f477b2a80 JavaThread "Worker-JM" [_thread_blocked, id=26428, stack(0x0000001909600000,0x0000001909700000)]
  0x0000011f4790f250 JavaThread "Worker-0: Building" [_thread_blocked, id=6828, stack(0x0000001909700000,0x0000001909800000)]
  0x0000011f46306740 JavaThread "Worker-1" [_thread_blocked, id=12804, stack(0x0000001909800000,0x0000001909900000)]
  0x0000011f46306270 JavaThread "Java indexing" daemon [_thread_in_Java, id=24764, stack(0x0000001909a00000,0x0000001909b00000)]
  0x0000011f46305da0 JavaThread "pool-2-thread-1" [_thread_in_native, id=14520, stack(0x0000001909b00000,0x0000001909c00000)]
  0x0000011f46304f30 JavaThread "Worker-2" [_thread_blocked, id=12728, stack(0x0000001909c00000,0x0000001909d00000)]
  0x0000011f463058d0 JavaThread "Worker-3: Java indexing... " [_thread_blocked, id=16544, stack(0x0000001909d00000,0x0000001909e00000)]
  0x0000011f46307a80 JavaThread "Worker-4: Initialize workspace" [_thread_blocked, id=16212, stack(0x0000001909f00000,0x000000190a000000)]
  0x0000011f463040c0 JavaThread "Worker-5: Update classpath Job" [_thread_blocked, id=24756, stack(0x000000190a000000,0x000000190a100000)]
  0x0000011f46304590 JavaThread "ForkJoinPool.commonPool-worker-1" daemon [_thread_blocked, id=21184, stack(0x0000001909e00000,0x0000001909f00000)]

Other Threads:
  0x0000011f4386b000 VMThread "VM Thread" [stack: 0x0000001907d00000,0x0000001907e00000] [id=20920] _threads_hazard_ptr=0x0000011f51ef2390
  0x0000011f4613e1f0 WatcherThread [stack: 0x0000001908900000,0x0000001908a00000] [id=13080]
  0x0000011f2dc0a9b0 GCTaskThread "GC Thread#0" [stack: 0x0000001907c00000,0x0000001907d00000] [id=23300]
  0x0000011f465a47c0 GCTaskThread "GC Thread#1" [stack: 0x0000001908b00000,0x0000001908c00000] [id=15592]
  0x0000011f4678a510 GCTaskThread "GC Thread#2" [stack: 0x0000001908c00000,0x0000001908d00000] [id=21212]
  0x0000011f4678a7c0 GCTaskThread "GC Thread#3" [stack: 0x0000001908d00000,0x0000001908e00000] [id=26308]
  0x0000011f4678aa70 GCTaskThread "GC Thread#4" [stack: 0x0000001908e00000,0x0000001908f00000] [id=23660]
  0x0000011f4678ad20 GCTaskThread "GC Thread#5" [stack: 0x0000001908f00000,0x0000001909000000] [id=22064]
  0x0000011f4678afd0 GCTaskThread "GC Thread#6" [stack: 0x0000001909000000,0x0000001909100000] [id=19152]
  0x0000011f47830090 GCTaskThread "GC Thread#7" [stack: 0x0000001909900000,0x0000001909a00000] [id=23532]

Threads with active compile tasks:
C2 CompilerThread0     7113 4929   !   4       java.nio.file.FileTreeWalker::next (144 bytes)

VM state: synchronizing (normal execution)

VM Mutex/Monitor currently owned by a thread:  ([mutex/lock_event])
[0x0000011f2daea510] Threads_lock - owner thread: 0x0000011f4386b000
[0x0000011f2dbe38a0] Heap_lock - owner thread: 0x0000011f4790f250

Heap address: 0x00000000c0000000, size: 1024 MB, Compressed Oops mode: 32-bit

CDS archive(s) not mapped
Compressed class space mapped at: 0x0000000100000000-0x0000000140000000, reserved size: 1073741824
Narrow klass base: 0x0000000000000000, Narrow klass shift: 3, Narrow klass range: 0x140000000

GC Precious Log:
 CPUs: 8 total, 8 available
 Memory: 8037M
 Large Page Support: Disabled
 NUMA Support: Disabled
 Compressed Oops: Enabled (32-bit)
 Alignments: Space 512K, Generation 512K, Heap 2M
 Heap Min Capacity: 100M
 Heap Initial Capacity: 100M
 Heap Max Capacity: 1G
 Pre-touch: Disabled
 Parallel Workers: 8

Heap:
 PSYoungGen      total 24576K, used 24360K [0x00000000eab00000, 0x00000000ec780000, 0x0000000100000000)
  eden space 22016K, 100% used [0x00000000eab00000,0x00000000ec080000,0x00000000ec080000)
  from space 2560K, 91% used [0x00000000ec500000,0x00000000ec74a318,0x00000000ec780000)
  to   space 3072K, 0% used [0x00000000ec180000,0x00000000ec180000,0x00000000ec480000)
 ParOldGen       total 68608K, used 27585K [0x00000000c0000000, 0x00000000c4300000, 0x00000000eab00000)
  object space 68608K, 40% used [0x00000000c0000000,0x00000000c1af0720,0x00000000c4300000)
 Metaspace       used 48933K, committed 49856K, reserved 1097728K
  class space    used 5379K, committed 5760K, reserved 1048576K

Card table byte_map: [0x0000011f41250000,0x0000011f41460000] _byte_map_base: 0x0000011f40c50000

Marking Bits: (ParMarkBitMap*) 0x00007ff974793af0
 Begin Bits: [0x0000011f415c0000, 0x0000011f425c0000)
 End Bits:   [0x0000011f425c0000, 0x0000011f435c0000)

Polling page: 0x0000011f2dcd0000

Metaspace:

Usage:
  Non-class:     42.53 MB used.
      Class:      5.25 MB used.
       Both:     47.79 MB used.

Virtual space:
  Non-class space:       48.00 MB reserved,      43.06 MB ( 90%) committed,  6 nodes.
      Class space:        1.00 GB reserved,       5.62 MB ( <1%) committed,  1 nodes.
             Both:        1.05 GB reserved,      48.69 MB (  5%) committed. 

Chunk freelists:
   Non-Class:  944.00 KB
       Class:  2.19 MB
        Both:  3.11 MB

MaxMetaspaceSize: unlimited
CompressedClassSpaceSize: 1.00 GB
Initial GC threshold: 21.00 MB
Current GC threshold: 58.38 MB
CDS: off
MetaspaceReclaimPolicy: balanced
 - commit_granule_bytes: 65536.
 - commit_granule_words: 8192.
 - virtual_space_node_default_size: 1048576.
 - enlarge_chunks_in_place: 1.
 - new_chunks_are_fully_committed: 0.
 - uncommit_free_chunks: 1.
 - use_allocation_guard: 0.
 - handle_deallocations: 1.


Internal statistics:

num_allocs_failed_limit: 6.
num_arena_births: 298.
num_arena_deaths: 0.
num_vsnodes_births: 7.
num_vsnodes_deaths: 0.
num_space_committed: 779.
num_space_uncommitted: 0.
num_chunks_returned_to_freelist: 6.
num_chunks_taken_from_freelist: 2040.
num_chunk_merges: 6.
num_chunk_splits: 1327.
num_chunks_enlarged: 846.
num_purges: 0.
num_inconsistent_stats: 0.

CodeHeap 'non-profiled nmethods': size=120000Kb used=1942Kb max_used=1942Kb free=118058Kb
 bounds [0x0000011f39b40000, 0x0000011f39db0000, 0x0000011f41070000]
CodeHeap 'profiled nmethods': size=120000Kb used=9881Kb max_used=9881Kb free=110118Kb
 bounds [0x0000011f32610000, 0x0000011f32fc0000, 0x0000011f39b40000]
CodeHeap 'non-nmethods': size=5760Kb used=1280Kb max_used=1338Kb free=4479Kb
 bounds [0x0000011f32070000, 0x0000011f322e0000, 0x0000011f32610000]
 total_blobs=5480 nmethods=4878 adapters=515
 compilation: enabled
              stopped_count=0, restarted_count=0
 full_count=0

Compilation events (20 events):
Event: 6.903 Thread 0x0000011f45eb6ca0 4929   !   4       java.nio.file.FileTreeWalker::next (144 bytes)
Event: 6.906 Thread 0x0000011f45ef8cb0 nmethod 4975% 0x0000011f32faf690 code [0x0000011f32fafa80, 0x0000011f32fb18c8]
Event: 6.907 Thread 0x0000011f45ef8cb0 4976       2       org.eclipse.jdt.internal.compiler.util.SimpleSet::addIfNotIncluded (83 bytes)
Event: 6.908 Thread 0x0000011f45ef8cb0 nmethod 4976 0x0000011f32fb2790 code [0x0000011f32fb2960, 0x0000011f32fb2cc8]
Event: 6.916 Thread 0x0000011f45ef8cb0 4977       2       org.eclipse.jdt.internal.compiler.util.SimpleSet::add (90 bytes)
Event: 6.917 Thread 0x0000011f45ef8cb0 nmethod 4977 0x0000011f32fb2f10 code [0x0000011f32fb3100, 0x0000011f32fb3508]
Event: 6.918 Thread 0x0000011f45ef8cb0 4978       2       org.eclipse.jdt.internal.compiler.classfmt.ClassFileReader::<init> (8 bytes)
Event: 6.918 Thread 0x0000011f45ef8cb0 nmethod 4978 0x0000011f32fb3790 code [0x0000011f32fb3920, 0x0000011f32fb3a48]
Event: 6.929 Thread 0x0000011f45ef8cb0 4979       2       java.util.regex.Pattern$LastNode::match (45 bytes)
Event: 6.929 Thread 0x0000011f45ef8cb0 nmethod 4979 0x0000011f32fb3b10 code [0x0000011f32fb3cc0, 0x0000011f32fb3e78]
Event: 6.931 Thread 0x0000011f45ef8cb0 4980       2       org.eclipse.jdt.internal.core.builder.ClasspathJrt$1::visitPackage (14 bytes)
Event: 6.931 Thread 0x0000011f45ef8cb0 nmethod 4980 0x0000011f32fb3f90 code [0x0000011f32fb4140, 0x0000011f32fb4358]
Event: 6.931 Thread 0x0000011f45ef8cb0 4981       2       org.eclipse.jdt.internal.core.builder.ClasspathJrt$1::visitPackage (18 bytes)
Event: 6.932 Thread 0x0000011f45ef8cb0 nmethod 4981 0x0000011f32fb4490 code [0x0000011f32fb4640, 0x0000011f32fb4798]
Event: 6.951 Thread 0x0000011f45ef8cb0 4982       2       org.eclipse.jdt.internal.core.builder.ClasspathJar::addToPackageSet (52 bytes)
Event: 6.952 Thread 0x0000011f45ef8cb0 nmethod 4982 0x0000011f32fb4890 code [0x0000011f32fb4a80, 0x0000011f32fb4dd8]
Event: 6.962 Thread 0x0000011f45ef8cb0 4983       2       java.util.regex.Pattern$GroupTail::match (111 bytes)
Event: 6.963 Thread 0x0000011f45ef8cb0 nmethod 4983 0x0000011f32fb5090 code [0x0000011f32fb5260, 0x0000011f32fb5528]
Event: 6.984 Thread 0x0000011f45ef8cb0 4984       3       java.util.regex.Pattern$CharPropertyGreedy::match (160 bytes)
Event: 6.986 Thread 0x0000011f45ef8cb0 nmethod 4984 0x0000011f32fb5710 code [0x0000011f32fb5940, 0x0000011f32fb6308]

GC Heap History (20 events):
Event: 2.741 GC heap before
{Heap before GC invocations=5 (full 1):
 PSYoungGen      total 29696K, used 25600K [0x00000000eab00000, 0x00000000ecc00000, 0x0000000100000000)
  eden space 25600K, 100% used [0x00000000eab00000,0x00000000ec400000,0x00000000ec400000)
  from space 4096K, 0% used [0x00000000ec400000,0x00000000ec400000,0x00000000ec800000)
  to   space 4096K, 0% used [0x00000000ec800000,0x00000000ec800000,0x00000000ecc00000)
 ParOldGen       total 68608K, used 9986K [0x00000000c0000000, 0x00000000c4300000, 0x00000000eab00000)
  object space 68608K, 14% used [0x00000000c0000000,0x00000000c09c0888,0x00000000c4300000)
 Metaspace       used 27807K, committed 28288K, reserved 1081344K
  class space    used 2740K, committed 2944K, reserved 1048576K
}
Event: 2.742 GC heap after
{Heap after GC invocations=5 (full 1):
 PSYoungGen      total 29696K, used 2062K [0x00000000eab00000, 0x00000000ecc00000, 0x0000000100000000)
  eden space 25600K, 0% used [0x00000000eab00000,0x00000000eab00000,0x00000000ec400000)
  from space 4096K, 50% used [0x00000000ec800000,0x00000000eca038f0,0x00000000ecc00000)
  to   space 4096K, 0% used [0x00000000ec400000,0x00000000ec400000,0x00000000ec800000)
 ParOldGen       total 68608K, used 9994K [0x00000000c0000000, 0x00000000c4300000, 0x00000000eab00000)
  object space 68608K, 14% used [0x00000000c0000000,0x00000000c09c2888,0x00000000c4300000)
 Metaspace       used 27807K, committed 28288K, reserved 1081344K
  class space    used 2740K, committed 2944K, reserved 1048576K
}
Event: 3.485 GC heap before
{Heap before GC invocations=6 (full 1):
 PSYoungGen      total 29696K, used 27315K [0x00000000eab00000, 0x00000000ecc00000, 0x0000000100000000)
  eden space 25600K, 98% used [0x00000000eab00000,0x00000000ec3a94d8,0x00000000ec400000)
  from space 4096K, 50% used [0x00000000ec800000,0x00000000eca038f0,0x00000000ecc00000)
  to   space 4096K, 0% used [0x00000000ec400000,0x00000000ec400000,0x00000000ec800000)
 ParOldGen       total 68608K, used 9994K [0x00000000c0000000, 0x00000000c4300000, 0x00000000eab00000)
  object space 68608K, 14% used [0x00000000c0000000,0x00000000c09c2888,0x00000000c4300000)
 Metaspace       used 35136K, committed 35840K, reserved 1081344K
  class space    used 3698K, committed 3968K, reserved 1048576K
}
Event: 3.489 GC heap after
{Heap after GC invocations=6 (full 1):
 PSYoungGen      total 29696K, used 4073K [0x00000000eab00000, 0x00000000ecf00000, 0x0000000100000000)
  eden space 25600K, 0% used [0x00000000eab00000,0x00000000eab00000,0x00000000ec400000)
  from space 4096K, 99% used [0x00000000ec400000,0x00000000ec7fa4e8,0x00000000ec800000)
  to   space 5632K, 0% used [0x00000000ec980000,0x00000000ec980000,0x00000000ecf00000)
 ParOldGen       total 68608K, used 10777K [0x00000000c0000000, 0x00000000c4300000, 0x00000000eab00000)
  object space 68608K, 15% used [0x00000000c0000000,0x00000000c0a86770,0x00000000c4300000)
 Metaspace       used 35136K, committed 35840K, reserved 1081344K
  class space    used 3698K, committed 3968K, reserved 1048576K
}
Event: 3.489 GC heap before
{Heap before GC invocations=7 (full 2):
 PSYoungGen      total 29696K, used 4073K [0x00000000eab00000, 0x00000000ecf00000, 0x0000000100000000)
  eden space 25600K, 0% used [0x00000000eab00000,0x00000000eab00000,0x00000000ec400000)
  from space 4096K, 99% used [0x00000000ec400000,0x00000000ec7fa4e8,0x00000000ec800000)
  to   space 5632K, 0% used [0x00000000ec980000,0x00000000ec980000,0x00000000ecf00000)
 ParOldGen       total 68608K, used 10777K [0x00000000c0000000, 0x00000000c4300000, 0x00000000eab00000)
  object space 68608K, 15% used [0x00000000c0000000,0x00000000c0a86770,0x00000000c4300000)
 Metaspace       used 35136K, committed 35840K, reserved 1081344K
  class space    used 3698K, committed 3968K, reserved 1048576K
}
Event: 3.515 GC heap after
{Heap after GC invocations=7 (full 2):
 PSYoungGen      total 29696K, used 0K [0x00000000eab00000, 0x00000000ecf00000, 0x0000000100000000)
  eden space 25600K, 0% used [0x00000000eab00000,0x00000000eab00000,0x00000000ec400000)
  from space 4096K, 0% used [0x00000000ec400000,0x00000000ec400000,0x00000000ec800000)
  to   space 5632K, 0% used [0x00000000ec980000,0x00000000ec980000,0x00000000ecf00000)
 ParOldGen       total 68608K, used 13219K [0x00000000c0000000, 0x00000000c4300000, 0x00000000eab00000)
  object space 68608K, 19% used [0x00000000c0000000,0x00000000c0ce8c08,0x00000000c4300000)
 Metaspace       used 35136K, committed 35840K, reserved 1081344K
  class space    used 3698K, committed 3968K, reserved 1048576K
}
Event: 4.085 GC heap before
{Heap before GC invocations=8 (full 2):
 PSYoungGen      total 29696K, used 25600K [0x00000000eab00000, 0x00000000ecf00000, 0x0000000100000000)
  eden space 25600K, 100% used [0x00000000eab00000,0x00000000ec400000,0x00000000ec400000)
  from space 4096K, 0% used [0x00000000ec400000,0x00000000ec400000,0x00000000ec800000)
  to   space 5632K, 0% used [0x00000000ec980000,0x00000000ec980000,0x00000000ecf00000)
 ParOldGen       total 68608K, used 13219K [0x00000000c0000000, 0x00000000c4300000, 0x00000000eab00000)
  object space 68608K, 19% used [0x00000000c0000000,0x00000000c0ce8c08,0x00000000c4300000)
 Metaspace       used 38492K, committed 39296K, reserved 1089536K
  class space    used 4123K, committed 4480K, reserved 1048576K
}
Event: 4.089 GC heap after
{Heap after GC invocations=8 (full 2):
 PSYoungGen      total 27648K, used 2272K [0x00000000eab00000, 0x00000000ecc00000, 0x0000000100000000)
  eden space 25088K, 0% used [0x00000000eab00000,0x00000000eab00000,0x00000000ec380000)
  from space 2560K, 88% used [0x00000000ec980000,0x00000000ecbb8020,0x00000000ecc00000)
  to   space 3584K, 0% used [0x00000000ec500000,0x00000000ec500000,0x00000000ec880000)
 ParOldGen       total 68608K, used 13227K [0x00000000c0000000, 0x00000000c4300000, 0x00000000eab00000)
  object space 68608K, 19% used [0x00000000c0000000,0x00000000c0ceac08,0x00000000c4300000)
 Metaspace       used 38492K, committed 39296K, reserved 1089536K
  class space    used 4123K, committed 4480K, reserved 1048576K
}
Event: 4.287 GC heap before
{Heap before GC invocations=9 (full 2):
 PSYoungGen      total 27648K, used 27360K [0x00000000eab00000, 0x00000000ecc00000, 0x0000000100000000)
  eden space 25088K, 100% used [0x00000000eab00000,0x00000000ec380000,0x00000000ec380000)
  from space 2560K, 88% used [0x00000000ec980000,0x00000000ecbb8020,0x00000000ecc00000)
  to   space 3584K, 0% used [0x00000000ec500000,0x00000000ec500000,0x00000000ec880000)
 ParOldGen       total 68608K, used 13227K [0x00000000c0000000, 0x00000000c4300000, 0x00000000eab00000)
  object space 68608K, 19% used [0x00000000c0000000,0x00000000c0ceac08,0x00000000c4300000)
 Metaspace       used 39429K, committed 40128K, reserved 1089536K
  class space    used 4223K, committed 4544K, reserved 1048576K
}
Event: 4.291 GC heap after
{Heap after GC invocations=9 (full 2):
 PSYoungGen      total 28160K, used 3580K [0x00000000eab00000, 0x00000000ecc00000, 0x0000000100000000)
  eden space 24576K, 0% used [0x00000000eab00000,0x00000000eab00000,0x00000000ec300000)
  from space 3584K, 99% used [0x00000000ec500000,0x00000000ec87f270,0x00000000ec880000)
  to   space 3584K, 0% used [0x00000000ec880000,0x00000000ec880000,0x00000000ecc00000)
 ParOldGen       total 68608K, used 13875K [0x00000000c0000000, 0x00000000c4300000, 0x00000000eab00000)
  object space 68608K, 20% used [0x00000000c0000000,0x00000000c0d8cc08,0x00000000c4300000)
 Metaspace       used 39429K, committed 40128K, reserved 1089536K
  class space    used 4223K, committed 4544K, reserved 1048576K
}
Event: 4.555 GC heap before
{Heap before GC invocations=10 (full 2):
 PSYoungGen      total 28160K, used 28156K [0x00000000eab00000, 0x00000000ecc00000, 0x0000000100000000)
  eden space 24576K, 100% used [0x00000000eab00000,0x00000000ec300000,0x00000000ec300000)
  from space 3584K, 99% used [0x00000000ec500000,0x00000000ec87f270,0x00000000ec880000)
  to   space 3584K, 0% used [0x00000000ec880000,0x00000000ec880000,0x00000000ecc00000)
 ParOldGen       total 68608K, used 13875K [0x00000000c0000000, 0x00000000c4300000, 0x00000000eab00000)
  object space 68608K, 20% used [0x00000000c0000000,0x00000000c0d8cc08,0x00000000c4300000)
 Metaspace       used 40153K, committed 40896K, reserved 1089536K
  class space    used 4326K, committed 4672K, reserved 1048576K
}
Event: 4.561 GC heap after
{Heap after GC invocations=10 (full 2):
 PSYoungGen      total 27136K, used 3562K [0x00000000eab00000, 0x00000000ecf80000, 0x0000000100000000)
  eden space 23552K, 0% used [0x00000000eab00000,0x00000000eab00000,0x00000000ec200000)
  from space 3584K, 99% used [0x00000000ec880000,0x00000000ecbfa900,0x00000000ecc00000)
  to   space 6656K, 0% used [0x00000000ec200000,0x00000000ec200000,0x00000000ec880000)
 ParOldGen       total 68608K, used 16391K [0x00000000c0000000, 0x00000000c4300000, 0x00000000eab00000)
  object space 68608K, 23% used [0x00000000c0000000,0x00000000c1001ef8,0x00000000c4300000)
 Metaspace       used 40153K, committed 40896K, reserved 1089536K
  class space    used 4326K, committed 4672K, reserved 1048576K
}
Event: 4.697 GC heap before
{Heap before GC invocations=11 (full 2):
 PSYoungGen      total 27136K, used 27114K [0x00000000eab00000, 0x00000000ecf80000, 0x0000000100000000)
  eden space 23552K, 100% used [0x00000000eab00000,0x00000000ec200000,0x00000000ec200000)
  from space 3584K, 99% used [0x00000000ec880000,0x00000000ecbfa900,0x00000000ecc00000)
  to   space 6656K, 0% used [0x00000000ec200000,0x00000000ec200000,0x00000000ec880000)
 ParOldGen       total 68608K, used 16391K [0x00000000c0000000, 0x00000000c4300000, 0x00000000eab00000)
  object space 68608K, 23% used [0x00000000c0000000,0x00000000c1001ef8,0x00000000c4300000)
 Metaspace       used 40791K, committed 41600K, reserved 1089536K
  class space    used 4406K, committed 4800K, reserved 1048576K
}
Event: 4.707 GC heap after
{Heap after GC invocations=11 (full 2):
 PSYoungGen      total 28160K, used 4677K [0x00000000eab00000, 0x00000000ecc80000, 0x0000000100000000)
  eden space 23040K, 0% used [0x00000000eab00000,0x00000000eab00000,0x00000000ec180000)
  from space 5120K, 91% used [0x00000000ec200000,0x00000000ec691480,0x00000000ec700000)
  to   space 5632K, 0% used [0x00000000ec700000,0x00000000ec700000,0x00000000ecc80000)
 ParOldGen       total 68608K, used 17687K [0x00000000c0000000, 0x00000000c4300000, 0x00000000eab00000)
  object space 68608K, 25% used [0x00000000c0000000,0x00000000c1145f38,0x00000000c4300000)
 Metaspace       used 40791K, committed 41600K, reserved 1089536K
  class space    used 4406K, committed 4800K, reserved 1048576K
}
Event: 4.870 GC heap before
{Heap before GC invocations=12 (full 2):
 PSYoungGen      total 28160K, used 27717K [0x00000000eab00000, 0x00000000ecc80000, 0x0000000100000000)
  eden space 23040K, 100% used [0x00000000eab00000,0x00000000ec180000,0x00000000ec180000)
  from space 5120K, 91% used [0x00000000ec200000,0x00000000ec691480,0x00000000ec700000)
  to   space 5632K, 0% used [0x00000000ec700000,0x00000000ec700000,0x00000000ecc80000)
 ParOldGen       total 68608K, used 17687K [0x00000000c0000000, 0x00000000c4300000, 0x00000000eab00000)
  object space 68608K, 25% used [0x00000000c0000000,0x00000000c1145f38,0x00000000c4300000)
 Metaspace       used 41660K, committed 42432K, reserved 1089536K
  class space    used 4510K, committed 4864K, reserved 1048576K
}
Event: 4.877 GC heap after
{Heap after GC invocations=12 (full 2):
 PSYoungGen      total 27648K, used 5021K [0x00000000eab00000, 0x00000000ecc00000, 0x0000000100000000)
  eden space 22528K, 0% used [0x00000000eab00000,0x00000000eab00000,0x00000000ec100000)
  from space 5120K, 98% used [0x00000000ec700000,0x00000000ecbe7418,0x00000000ecc00000)
  to   space 5120K, 0% used [0x00000000ec200000,0x00000000ec200000,0x00000000ec700000)
 ParOldGen       total 68608K, used 19844K [0x00000000c0000000, 0x00000000c4300000, 0x00000000eab00000)
  object space 68608K, 28% used [0x00000000c0000000,0x00000000c13613a8,0x00000000c4300000)
 Metaspace       used 41660K, committed 42432K, reserved 1089536K
  class space    used 4510K, committed 4864K, reserved 1048576K
}
Event: 5.182 GC heap before
{Heap before GC invocations=13 (full 2):
 PSYoungGen      total 27648K, used 27549K [0x00000000eab00000, 0x00000000ecc00000, 0x0000000100000000)
  eden space 22528K, 100% used [0x00000000eab00000,0x00000000ec100000,0x00000000ec100000)
  from space 5120K, 98% used [0x00000000ec700000,0x00000000ecbe7418,0x00000000ecc00000)
  to   space 5120K, 0% used [0x00000000ec200000,0x00000000ec200000,0x00000000ec700000)
 ParOldGen       total 68608K, used 19844K [0x00000000c0000000, 0x00000000c4300000, 0x00000000eab00000)
  object space 68608K, 28% used [0x00000000c0000000,0x00000000c13613a8,0x00000000c4300000)
 Metaspace       used 43069K, committed 43840K, reserved 1089536K
  class space    used 4691K, committed 5056K, reserved 1048576K
}
Event: 5.192 GC heap after
{Heap after GC invocations=13 (full 2):
 PSYoungGen      total 25088K, used 3008K [0x00000000eab00000, 0x00000000ec880000, 0x0000000100000000)
  eden space 22016K, 0% used [0x00000000eab00000,0x00000000eab00000,0x00000000ec080000)
  from space 3072K, 97% used [0x00000000ec200000,0x00000000ec4f0000,0x00000000ec500000)
  to   space 3584K, 0% used [0x00000000ec500000,0x00000000ec500000,0x00000000ec880000)
 ParOldGen       total 68608K, used 24748K [0x00000000c0000000, 0x00000000c4300000, 0x00000000eab00000)
  object space 68608K, 36% used [0x00000000c0000000,0x00000000c182b3b8,0x00000000c4300000)
 Metaspace       used 43069K, committed 43840K, reserved 1089536K
  class space    used 4691K, committed 5056K, reserved 1048576K
}
Event: 5.967 GC heap before
{Heap before GC invocations=14 (full 2):
 PSYoungGen      total 25088K, used 25013K [0x00000000eab00000, 0x00000000ec880000, 0x0000000100000000)
  eden space 22016K, 99% used [0x00000000eab00000,0x00000000ec07d680,0x00000000ec080000)
  from space 3072K, 97% used [0x00000000ec200000,0x00000000ec4f0000,0x00000000ec500000)
  to   space 3584K, 0% used [0x00000000ec500000,0x00000000ec500000,0x00000000ec880000)
 ParOldGen       total 68608K, used 24748K [0x00000000c0000000, 0x00000000c4300000, 0x00000000eab00000)
  object space 68608K, 36% used [0x00000000c0000000,0x00000000c182b3b8,0x00000000c4300000)
 Metaspace       used 47810K, committed 48640K, reserved 1097728K
  class space    used 5246K, committed 5568K, reserved 1048576K
}
Event: 5.976 GC heap after
{Heap after GC invocations=14 (full 2):
 PSYoungGen      total 24576K, used 2344K [0x00000000eab00000, 0x00000000ec780000, 0x0000000100000000)
  eden space 22016K, 0% used [0x00000000eab00000,0x00000000eab00000,0x00000000ec080000)
  from space 2560K, 91% used [0x00000000ec500000,0x00000000ec74a318,0x00000000ec780000)
  to   space 3072K, 0% used [0x00000000ec180000,0x00000000ec180000,0x00000000ec480000)
 ParOldGen       total 68608K, used 27585K [0x00000000c0000000, 0x00000000c4300000, 0x00000000eab00000)
  object space 68608K, 40% used [0x00000000c0000000,0x00000000c1af0720,0x00000000c4300000)
 Metaspace       used 47810K, committed 48640K, reserved 1097728K
  class space    used 5246K, committed 5568K, reserved 1048576K
}

Deoptimization events (20 events):
Event: 6.760 Thread 0x0000011f4790f250 DEOPT PACKING pc=0x0000011f32d13328 sp=0x00000019097fd9b0
Event: 6.760 Thread 0x0000011f4790f250 DEOPT UNPACKING pc=0x0000011f320c2843 sp=0x00000019097fce38 mode 0
Event: 6.853 Thread 0x0000011f4790f250 Uncommon trap: trap_request=0xffffffbe fr.pc=0x0000011f39d22e5c relative=0x000000000000061c
Event: 6.853 Thread 0x0000011f4790f250 Uncommon trap: reason=profile_predicate action=maybe_recompile pc=0x0000011f39d22e5c method=org.eclipse.jdt.internal.core.util.HashtableOfArrayToObject.getKey([Ljava/lang/Object;I)[Ljava/lang/Object; @ 61 c2
Event: 6.853 Thread 0x0000011f4790f250 DEOPT PACKING pc=0x0000011f39d22e5c sp=0x00000019097fd8d0
Event: 6.853 Thread 0x0000011f4790f250 DEOPT UNPACKING pc=0x0000011f320c20a3 sp=0x00000019097fd880 mode 2
Event: 6.853 Thread 0x0000011f4790f250 Uncommon trap: trap_request=0xffffffbe fr.pc=0x0000011f39d22e5c relative=0x000000000000061c
Event: 6.853 Thread 0x0000011f4790f250 Uncommon trap: reason=profile_predicate action=maybe_recompile pc=0x0000011f39d22e5c method=org.eclipse.jdt.internal.core.util.HashtableOfArrayToObject.getKey([Ljava/lang/Object;I)[Ljava/lang/Object; @ 61 c2
Event: 6.853 Thread 0x0000011f4790f250 DEOPT PACKING pc=0x0000011f39d22e5c sp=0x00000019097fd900
Event: 6.853 Thread 0x0000011f4790f250 DEOPT UNPACKING pc=0x0000011f320c20a3 sp=0x00000019097fd8b0 mode 2
Event: 6.857 Thread 0x0000011f4790f250 Uncommon trap: trap_request=0xffffffbe fr.pc=0x0000011f39d22e5c relative=0x000000000000061c
Event: 6.857 Thread 0x0000011f4790f250 Uncommon trap: reason=profile_predicate action=maybe_recompile pc=0x0000011f39d22e5c method=org.eclipse.jdt.internal.core.util.HashtableOfArrayToObject.getKey([Ljava/lang/Object;I)[Ljava/lang/Object; @ 61 c2
Event: 6.857 Thread 0x0000011f4790f250 DEOPT PACKING pc=0x0000011f39d22e5c sp=0x00000019097fd8d0
Event: 6.857 Thread 0x0000011f4790f250 DEOPT UNPACKING pc=0x0000011f320c20a3 sp=0x00000019097fd880 mode 2
Event: 6.857 Thread 0x0000011f4790f250 Uncommon trap: trap_request=0xffffffbe fr.pc=0x0000011f39d22e5c relative=0x000000000000061c
Event: 6.857 Thread 0x0000011f4790f250 Uncommon trap: reason=profile_predicate action=maybe_recompile pc=0x0000011f39d22e5c method=org.eclipse.jdt.internal.core.util.HashtableOfArrayToObject.getKey([Ljava/lang/Object;I)[Ljava/lang/Object; @ 61 c2
Event: 6.857 Thread 0x0000011f4790f250 DEOPT PACKING pc=0x0000011f39d22e5c sp=0x00000019097fd900
Event: 6.857 Thread 0x0000011f4790f250 DEOPT UNPACKING pc=0x0000011f320c20a3 sp=0x00000019097fd8b0 mode 2
Event: 6.984 Thread 0x0000011f46307a80 DEOPT PACKING pc=0x0000011f32d6b1a0 sp=0x0000001909fff010
Event: 6.984 Thread 0x0000011f46307a80 DEOPT UNPACKING pc=0x0000011f320c2843 sp=0x0000001909ffe4c0 mode 0

Classes unloaded (0 events):
No events

Classes redefined (0 events):
No events

Internal exceptions (20 events):
Event: 5.459 Thread 0x0000011f46306740 Exception <a 'java/io/FileNotFoundException'{0x00000000eb1b25e8}> (0x00000000eb1b25e8) 
thrown [e:\jenkins\tmp\workspace\build\src\src\hotspot\share\prims\jni.cpp, line 516]
Event: 5.462 Thread 0x0000011f46306740 Exception <a 'java/io/FileNotFoundException'{0x00000000eb1be040}> (0x00000000eb1be040) 
thrown [e:\jenkins\tmp\workspace\build\src\src\hotspot\share\prims\jni.cpp, line 516]
Event: 5.465 Thread 0x0000011f46306740 Exception <a 'sun/nio/fs/WindowsException'{0x00000000eb1c5630}> (0x00000000eb1c5630) 
thrown [e:\jenkins\tmp\workspace\build\src\src\hotspot\share\prims\jni.cpp, line 516]
Event: 5.477 Thread 0x0000011f46306740 Exception <a 'sun/nio/fs/WindowsException'{0x00000000eb2a9f48}> (0x00000000eb2a9f48) 
thrown [e:\jenkins\tmp\workspace\build\src\src\hotspot\share\prims\jni.cpp, line 516]
Event: 5.479 Thread 0x0000011f46304f30 Exception <a 'java/lang/NoClassDefFoundError'{0x00000000eb304928}: com/google/inject/servlet/ServletModuleTargetVisitor> (0x00000000eb304928) 
thrown [e:\jenkins\tmp\workspace\build\src\src\hotspot\share\classfile\systemDictionary.cpp, line 245]
Event: 5.479 Thread 0x0000011f46304f30 Exception <a 'java/lang/NoClassDefFoundError'{0x00000000eb307230}: javax/annotation/Priority> (0x00000000eb307230) 
thrown [e:\jenkins\tmp\workspace\build\src\src\hotspot\share\classfile\systemDictionary.cpp, line 245]
Event: 5.487 Thread 0x0000011f46306740 Exception <a 'sun/nio/fs/WindowsException'{0x00000000eb2c9690}> (0x00000000eb2c9690) 
thrown [e:\jenkins\tmp\workspace\build\src\src\hotspot\share\prims\jni.cpp, line 516]
Event: 5.558 Thread 0x0000011f46306740 Exception <a 'sun/nio/fs/WindowsException'{0x00000000eb3a93f0}> (0x00000000eb3a93f0) 
thrown [e:\jenkins\tmp\workspace\build\src\src\hotspot\share\prims\jni.cpp, line 516]
Event: 5.581 Thread 0x0000011f46306740 Exception <a 'sun/nio/fs/WindowsException'{0x00000000eb3ca980}> (0x00000000eb3ca980) 
thrown [e:\jenkins\tmp\workspace\build\src\src\hotspot\share\prims\jni.cpp, line 516]
Event: 5.587 Thread 0x0000011f46306740 Exception <a 'sun/nio/fs/WindowsException'{0x00000000eb3d4bd8}> (0x00000000eb3d4bd8) 
thrown [e:\jenkins\tmp\workspace\build\src\src\hotspot\share\prims\jni.cpp, line 516]
Event: 5.598 Thread 0x0000011f46306740 Exception <a 'sun/nio/fs/WindowsException'{0x00000000eb4b3878}> (0x00000000eb4b3878) 
thrown [e:\jenkins\tmp\workspace\build\src\src\hotspot\share\prims\jni.cpp, line 516]
Event: 5.624 Thread 0x0000011f46306740 Exception <a 'sun/nio/fs/WindowsException'{0x00000000eb4cf148}> (0x00000000eb4cf148) 
thrown [e:\jenkins\tmp\workspace\build\src\src\hotspot\share\prims\jni.cpp, line 516]
Event: 5.754 Thread 0x0000011f46306740 Exception <a 'java/lang/NoSuchMethodError'{0x00000000eb7a8938}: 'java.lang.Object java.lang.invoke.DirectMethodHandle$Holder.newInvokeSpecial(java.lang.Object, java.lang.Object, java.lang.Object, java.lang.Object, java.lang.Object, java.lang.Object, java.lang.Object, java.lang.Object)'> (0x00000000eb7a8938) 
thrown [e:\jenkins\tmp\workspace\build\src\src\hotspot\share\interpreter\linkResolver.cpp, line 766]
Event: 5.755 Thread 0x0000011f46306740 Exception <a 'java/lang/NoSuchMethodError'{0x00000000eb7ada00}: 'java.lang.Object java.lang.invoke.DirectMethodHandle$Holder.invokeSpecial(java.lang.Object, java.lang.Object, java.lang.Object, java.lang.Object, java.lang.Object, java.lang.Object, java.lang.Object, java.lang.Object, java.lang.Object)'> (0x00000000eb7ada00) 
thrown [e:\jenkins\tmp\workspace\build\src\src\hotspot\share\interpreter\linkResolver.cpp, line 766]
Event: 5.756 Thread 0x0000011f46306740 Exception <a 'java/lang/NoSuchMethodError'{0x00000000eb7b23e0}: 'java.lang.Object java.lang.invoke.Invokers$Holder.linkToTargetMethod(java.lang.Object, java.lang.Object, java.lang.Object, java.lang.Object, java.lang.Object, java.lang.Object, java.lang.Object, java.lang.Object)'> (0x00000000eb7b23e0) 
thrown [e:\jenkins\tmp\workspace\build\src\src\hotspot\share\interpreter\linkResolver.cpp, line 766]
Event: 5.774 Thread 0x0000011f46305da0 Exception <a 'sun/nio/fs/WindowsException'{0x00000000eb8f0c50}> (0x00000000eb8f0c50) 
thrown [e:\jenkins\tmp\workspace\build\src\src\hotspot\share\prims\jni.cpp, line 516]
Event: 5.782 Thread 0x0000011f46305da0 Exception <a 'java/lang/NoSuchMethodError'{0x00000000eb97a118}: 'java.lang.Object java.lang.invoke.DirectMethodHandle$Holder.invokeInterface(java.lang.Object, java.lang.Object, java.lang.Object)'> (0x00000000eb97a118) 
thrown [e:\jenkins\tmp\workspace\build\src\src\hotspot\share\interpreter\linkResolver.cpp, line 766]
Event: 6.675 Thread 0x0000011f4790f250 Exception <a 'java/io/FileNotFoundException'{0x00000000eb00b0e0}> (0x00000000eb00b0e0) 
thrown [e:\jenkins\tmp\workspace\build\src\src\hotspot\share\prims\jni.cpp, line 516]
Event: 6.677 Thread 0x0000011f4790f250 Exception <a 'java/io/FileNotFoundException'{0x00000000eb00d4a0}> (0x00000000eb00d4a0) 
thrown [e:\jenkins\tmp\workspace\build\src\src\hotspot\share\prims\jni.cpp, line 516]
Event: 6.677 Thread 0x0000011f4790f250 Exception <a 'java/io/FileNotFoundException'{0x00000000eb00f070}> (0x00000000eb00f070) 
thrown [e:\jenkins\tmp\workspace\build\src\src\hotspot\share\prims\jni.cpp, line 516]

VM Operations (20 events):
Event: 4.877 Executing VM operation: ParallelGCFailedAllocation done
Event: 5.158 Executing VM operation: HandshakeAllThreads
Event: 5.159 Executing VM operation: HandshakeAllThreads done
Event: 5.181 Executing VM operation: ParallelGCFailedAllocation
Event: 5.194 Executing VM operation: ParallelGCFailedAllocation done
Event: 5.325 Executing VM operation: HandshakeAllThreads
Event: 5.325 Executing VM operation: HandshakeAllThreads done
Event: 5.554 Executing VM operation: ICBufferFull
Event: 5.554 Executing VM operation: ICBufferFull done
Event: 5.560 Executing VM operation: HandshakeAllThreads
Event: 5.560 Executing VM operation: HandshakeAllThreads done
Event: 5.742 Executing VM operation: HandshakeAllThreads
Event: 5.742 Executing VM operation: HandshakeAllThreads done
Event: 5.744 Executing VM operation: HandshakeAllThreads
Event: 5.744 Executing VM operation: HandshakeAllThreads done
Event: 5.747 Executing VM operation: ICBufferFull
Event: 5.747 Executing VM operation: ICBufferFull done
Event: 5.967 Executing VM operation: ParallelGCFailedAllocation
Event: 5.976 Executing VM operation: ParallelGCFailedAllocation done
Event: 6.999 Executing VM operation: ParallelGCFailedAllocation

Events (20 events):
Event: 5.871 loading class sun/nio/cs/ThreadLocalCoders$2
Event: 5.871 loading class sun/nio/cs/ThreadLocalCoders$2 done
Event: 5.919 loading class java/lang/ExceptionInInitializerError
Event: 5.919 loading class java/lang/ExceptionInInitializerError done
Event: 6.601 Thread 0x0000011f47fe21f0 Thread exited: 0x0000011f47fe21f0
Event: 6.628 loading class java/util/Hashtable$ValueCollection
Event: 6.628 loading class java/util/Hashtable$ValueCollection done
Event: 6.639 loading class java/util/concurrent/CompletableFuture$UniApply
Event: 6.639 loading class java/util/concurrent/CompletableFuture$UniCompletion
Event: 6.639 loading class java/util/concurrent/CompletableFuture$UniCompletion done
Event: 6.639 loading class java/util/concurrent/CompletableFuture$UniApply done
Event: 6.640 loading class java/util/concurrent/ForkJoinPool$DefaultCommonPoolForkJoinWorkerThreadFactory$1
Event: 6.640 loading class java/util/concurrent/ForkJoinPool$DefaultCommonPoolForkJoinWorkerThreadFactory$1 done
Event: 6.640 loading class java/util/stream/SortedOps$SizedRefSortingSink
Event: 6.640 loading class java/util/stream/SortedOps$SizedRefSortingSink done
Event: 6.641 Thread 0x0000011f46304590 Thread added: 0x0000011f46304590
Event: 6.641 loading class java/util/concurrent/CompletableFuture$UniAccept
Event: 6.641 loading class java/util/concurrent/CompletableFuture$UniAccept done
Event: 6.641 loading class java/util/concurrent/CompletableFuture$UniExceptionally
Event: 6.641 loading class java/util/concurrent/CompletableFuture$UniExceptionally done


Dynamic libraries:
0x00007ff7407f0000 - 0x00007ff7407fe000 	c:\Users\lumin\.vscode\extensions\redhat.java-1.4.0\jre\17.0.2-win32-x86_64\bin\java.exe
0x00007ff9e9cf0000 - 0x00007ff9e9ee5000 	C:\WINDOWS\SYSTEM32\ntdll.dll
0x00007ff9e83c0000 - 0x00007ff9e847e000 	C:\WINDOWS\System32\KERNEL32.DLL
0x00007ff9e7a80000 - 0x00007ff9e7d48000 	C:\WINDOWS\System32\KERNELBASE.dll
0x00007ff9e7780000 - 0x00007ff9e7880000 	C:\WINDOWS\System32\ucrtbase.dll
0x00007ff9e2fb0000 - 0x00007ff9e2fc8000 	c:\Users\lumin\.vscode\extensions\redhat.java-1.4.0\jre\17.0.2-win32-x86_64\bin\jli.dll
0x00007ff9c7a00000 - 0x00007ff9c7a19000 	c:\Users\lumin\.vscode\extensions\redhat.java-1.4.0\jre\17.0.2-win32-x86_64\bin\VCRUNTIME140.dll
0x00007ff9e93b0000 - 0x00007ff9e9550000 	C:\WINDOWS\System32\USER32.dll
0x00007ff9d4d50000 - 0x00007ff9d4fea000 	C:\WINDOWS\WinSxS\amd64_microsoft.windows.common-controls_6595b64144ccf1df_6.0.19041.1110_none_60b5254171f9507e\COMCTL32.dll
0x00007ff9e7880000 - 0x00007ff9e78a2000 	C:\WINDOWS\System32\win32u.dll
0x00007ff9e86d0000 - 0x00007ff9e876e000 	C:\WINDOWS\System32\msvcrt.dll
0x00007ff9e8390000 - 0x00007ff9e83bb000 	C:\WINDOWS\System32\GDI32.dll
0x00007ff9e75e0000 - 0x00007ff9e76eb000 	C:\WINDOWS\System32\gdi32full.dll
0x00007ff9e79e0000 - 0x00007ff9e7a7d000 	C:\WINDOWS\System32\msvcp_win.dll
0x00007ff9e7d50000 - 0x00007ff9e7d80000 	C:\WINDOWS\System32\IMM32.DLL
0x00007ff9dfb30000 - 0x00007ff9dfb3c000 	c:\Users\lumin\.vscode\extensions\redhat.java-1.4.0\jre\17.0.2-win32-x86_64\bin\vcruntime140_1.dll
0x00007ff980030000 - 0x00007ff9800c1000 	c:\Users\lumin\.vscode\extensions\redhat.java-1.4.0\jre\17.0.2-win32-x86_64\bin\msvcp140.dll
0x00007ff973c10000 - 0x00007ff974857000 	c:\Users\lumin\.vscode\extensions\redhat.java-1.4.0\jre\17.0.2-win32-x86_64\bin\server\jvm.dll
0x00007ff9e8620000 - 0x00007ff9e86ce000 	C:\WINDOWS\System32\ADVAPI32.dll
0x00007ff9e84e0000 - 0x00007ff9e857c000 	C:\WINDOWS\System32\sechost.dll
0x00007ff9e7d80000 - 0x00007ff9e7ea5000 	C:\WINDOWS\System32\RPCRT4.dll
0x00007ff9e93a0000 - 0x00007ff9e93a8000 	C:\WINDOWS\System32\PSAPI.DLL
0x00007ff9cf830000 - 0x00007ff9cf857000 	C:\WINDOWS\SYSTEM32\WINMM.dll
0x00007ff9c8f90000 - 0x00007ff9c8f99000 	C:\WINDOWS\SYSTEM32\WSOCK32.dll
0x00007ff9df030000 - 0x00007ff9df03a000 	C:\WINDOWS\SYSTEM32\VERSION.dll
0x00007ff9e8320000 - 0x00007ff9e838b000 	C:\WINDOWS\System32\WS2_32.dll
0x00007ff9e5320000 - 0x00007ff9e5332000 	C:\WINDOWS\SYSTEM32\kernel.appcore.dll
0x00007ff9de650000 - 0x00007ff9de65a000 	c:\Users\lumin\.vscode\extensions\redhat.java-1.4.0\jre\17.0.2-win32-x86_64\bin\jimage.dll
0x00007ff9d72a0000 - 0x00007ff9d7484000 	C:\WINDOWS\SYSTEM32\DBGHELP.DLL
0x00007ff9c8d20000 - 0x00007ff9c8d4c000 	C:\WINDOWS\SYSTEM32\dbgcore.DLL
0x00007ff9e76f0000 - 0x00007ff9e7772000 	C:\WINDOWS\System32\bcryptPrimitives.dll
0x00007ff9b3350000 - 0x00007ff9b3375000 	c:\Users\lumin\.vscode\extensions\redhat.java-1.4.0\jre\17.0.2-win32-x86_64\bin\java.dll
0x00007ff9c00b0000 - 0x00007ff9c00c8000 	c:\Users\lumin\.vscode\extensions\redhat.java-1.4.0\jre\17.0.2-win32-x86_64\bin\zip.dll
0x00007ff9e8c50000 - 0x00007ff9e9394000 	C:\WINDOWS\System32\SHELL32.dll
0x00007ff9e5520000 - 0x00007ff9e5cb4000 	C:\WINDOWS\SYSTEM32\windows.storage.dll
0x00007ff9e9550000 - 0x00007ff9e98a4000 	C:\WINDOWS\System32\combase.dll
0x00007ff9e6e70000 - 0x00007ff9e6e9c000 	C:\WINDOWS\SYSTEM32\Wldp.dll
0x00007ff9e8770000 - 0x00007ff9e881d000 	C:\WINDOWS\System32\SHCORE.dll
0x00007ff9e8b00000 - 0x00007ff9e8b55000 	C:\WINDOWS\System32\shlwapi.dll
0x00007ff9e7350000 - 0x00007ff9e736f000 	C:\WINDOWS\SYSTEM32\profapi.dll
0x00007ff9b41e0000 - 0x00007ff9b41f9000 	C:\Users\lumin\.vscode\extensions\redhat.java-1.4.0\jre\17.0.2-win32-x86_64\bin\net.dll
0x00007ff9d8000000 - 0x00007ff9d8109000 	C:\WINDOWS\SYSTEM32\WINHTTP.dll
0x00007ff9e6bd0000 - 0x00007ff9e6c3a000 	C:\WINDOWS\system32\mswsock.dll
0x00007ff9b3300000 - 0x00007ff9b3315000 	C:\Users\lumin\.vscode\extensions\redhat.java-1.4.0\jre\17.0.2-win32-x86_64\bin\nio.dll
0x00007ff9e6dc0000 - 0x00007ff9e6dd8000 	C:\WINDOWS\SYSTEM32\CRYPTSP.dll
0x00007ff9e64e0000 - 0x00007ff9e6514000 	C:\WINDOWS\system32\rsaenh.dll
0x00007ff9e78b0000 - 0x00007ff9e78d7000 	C:\WINDOWS\System32\bcrypt.dll
0x00007ff9e72d0000 - 0x00007ff9e72fe000 	C:\WINDOWS\SYSTEM32\USERENV.dll
0x00007ff9e6de0000 - 0x00007ff9e6dec000 	C:\WINDOWS\SYSTEM32\CRYPTBASE.dll
0x00007ff9e6870000 - 0x00007ff9e68ab000 	C:\WINDOWS\SYSTEM32\IPHLPAPI.DLL
0x00007ff9e8580000 - 0x00007ff9e8588000 	C:\WINDOWS\System32\NSI.dll
0x00007ff9df3c0000 - 0x00007ff9df3d7000 	C:\WINDOWS\SYSTEM32\dhcpcsvc6.DLL
0x00007ff9df3a0000 - 0x00007ff9df3bd000 	C:\WINDOWS\SYSTEM32\dhcpcsvc.DLL
0x00007ff9e68b0000 - 0x00007ff9e697a000 	C:\WINDOWS\SYSTEM32\DNSAPI.dll
0x00007ff987210000 - 0x00007ff98724e000 	C:\Users\lumin\AppData\Roaming\Code\User\globalStorage\redhat.java\1.4.0\config_win\org.eclipse.equinox.launcher\org.eclipse.equinox.launcher.win32.win32.x86_64_1.2.400.v20211117-0650\eclipse_11602.dll
0x00007ff9e9970000 - 0x00007ff9e9a9a000 	C:\WINDOWS\System32\ole32.dll
0x00007ff9de5a0000 - 0x00007ff9de5b0000 	c:\Users\lumin\.vscode\extensions\redhat.java-1.4.0\jre\17.0.2-win32-x86_64\bin\verify.dll
0x00007ff99b360000 - 0x00007ff99b371000 	C:\Users\lumin\AppData\Roaming\Code\User\globalStorage\redhat.java\1.4.0\config_win\org.eclipse.osgi\22\0\.cp\jWinHttp-1.0.0.dll

dbghelp: loaded successfully - version: 4.0.5 - missing functions: none
symbol engine: initialized successfully - sym options: 0x614 - pdb path: .;c:\Users\lumin\.vscode\extensions\redhat.java-1.4.0\jre\17.0.2-win32-x86_64\bin;C:\WINDOWS\SYSTEM32;C:\WINDOWS\WinSxS\amd64_microsoft.windows.common-controls_6595b64144ccf1df_6.0.19041.1110_none_60b5254171f9507e;c:\Users\lumin\.vscode\extensions\redhat.java-1.4.0\jre\17.0.2-win32-x86_64\bin\server;C:\Users\lumin\AppData\Roaming\Code\User\globalStorage\redhat.java\1.4.0\config_win\org.eclipse.equinox.launcher\org.eclipse.equinox.launcher.win32.win32.x86_64_1.2.400.v20211117-0650;C:\Users\lumin\AppData\Roaming\Code\User\globalStorage\redhat.java\1.4.0\config_win\org.eclipse.osgi\22\0\.cp

VM Arguments:
jvm_args: --add-modules=ALL-SYSTEM --add-opens=java.base/java.util=ALL-UNNAMED --add-opens=java.base/java.lang=ALL-UNNAMED --add-opens=java.base/sun.nio.fs=ALL-UNNAMED -Declipse.application=org.eclipse.jdt.ls.core.id1 -Dosgi.bundles.defaultStartLevel=4 -Declipse.product=org.eclipse.jdt.ls.core.product -Djava.import.generatesMetadataFilesAtProjectRoot=false -Dfile.encoding=utf8 -DwatchParentProcess=false -XX:+UseParallelGC -XX:GCTimeRatio=4 -XX:AdaptiveSizePolicyWeight=90 -Dsun.zip.disableMemoryMapping=true -Xmx1G -Xms100m -XX:+HeapDumpOnOutOfMemoryError -XX:HeapDumpPath=c:\Users\lumin\AppData\Roaming\Code\User\workspaceStorage\05abdface0dca7f2afb16755ced39478\redhat.java 
java_command: c:\Users\lumin\.vscode\extensions\redhat.java-1.4.0\server\plugins\org.eclipse.equinox.launcher_1.6.400.v20210924-0641.jar -configuration c:\Users\lumin\AppData\Roaming\Code\User\globalStorage\redhat.java\1.4.0\config_win -data c:\Users\lumin\AppData\Roaming\Code\User\workspaceStorage\05abdface0dca7f2afb16755ced39478\redhat.java\jdt_ws
java_class_path (initial): c:\Users\lumin\.vscode\extensions\redhat.java-1.4.0\server\plugins\org.eclipse.equinox.launcher_1.6.400.v20210924-0641.jar
Launcher Type: SUN_STANDARD

[Global flags]
    uintx AdaptiveSizePolicyWeight                 = 90                                        {product} {command line}
     intx CICompilerCount                          = 4                                         {product} {ergonomic}
    uintx GCTimeRatio                              = 4                                         {product} {command line}
     bool HeapDumpOnOutOfMemoryError               = true                                   {manageable} {command line}
    ccstr HeapDumpPath                             = c:\Users\lumin\AppData\Roaming\Code\User\workspaceStorage\05abdface0dca7f2afb16755ced39478\redhat.java         {manageable} {command line}
   size_t InitialHeapSize                          = 104857600                                 {product} {command line}
   size_t MaxHeapSize                              = 1073741824                                {product} {command line}
   size_t MaxNewSize                               = 357564416                                 {product} {ergonomic}
   size_t MinHeapDeltaBytes                        = 524288                                    {product} {ergonomic}
   size_t MinHeapSize                              = 104857600                                 {product} {command line}
   size_t NewSize                                  = 34603008                                  {product} {ergonomic}
    uintx NonNMethodCodeHeapSize                   = 5839372                                {pd product} {ergonomic}
    uintx NonProfiledCodeHeapSize                  = 122909434                              {pd product} {ergonomic}
   size_t OldSize                                  = 70254592                                  {product} {ergonomic}
    uintx ProfiledCodeHeapSize                     = 122909434                              {pd product} {ergonomic}
    uintx ReservedCodeCacheSize                    = 251658240                              {pd product} {ergonomic}
     bool SegmentedCodeCache                       = true                                      {product} {ergonomic}
   size_t SoftMaxHeapSize                          = 1073741824                             {manageable} {ergonomic}
     bool UseCompressedClassPointers               = true                           {product lp64_product} {ergonomic}
     bool UseCompressedOops                        = true                           {product lp64_product} {ergonomic}
     bool UseLargePagesIndividualAllocation        = false                                  {pd product} {ergonomic}
     bool UseParallelGC                            = true                                      {product} {command line}

Logging:
Log output configuration:
 #0: stdout all=warning uptime,level,tags
 #1: stderr all=off uptime,level,tags

Environment Variables:
PATH=C:\Program Files\Common Files\Oracle\Java\javapath;C:\Program Files (x86)\VMware\VMware Player\bin\;C:\WINDOWS\system32;C:\WINDOWS;C:\WINDOWS\System32\Wbem;C:\WINDOWS\System32\WindowsPowerShell\v1.0\;C:\WINDOWS\System32\OpenSSH\;C:\Program Files\Intel\WiFi\bin\;C:\Program Files\Common Files\Intel\WirelessCommon\;C:\Program Files\PuTTY\;C:\Program Files\Go\bin;D:\Program Files\nodejs\;C:\ProgramData\chocolatey\bin;D:\Program Files\Java\jdk-17\bin;D:\Program Files\Git\cmd;D:\msys64;C:\Program Files\Redis\;C:\Users\lumin\AppData\Local\Programs\Python\Python39\Scripts;D:\Python39\Scripts\;D:\Python39\;D:\Python310\Scripts\;D:\Python310\;C:\Users\lumin\AppData\Local\Microsoft\WindowsApps;C:\Users\lumin\AppData\Local\Programs\Microsoft VS Code\bin;C:\Users\lumin\go\bin;C:\modeltech_10.2c\win32;C:\Users\lumin\AppData\Roaming\npm;C:\Program Files\codeblocks-20.03mingw-nosetup\MinGW\bin;C:\Novas\Debussy\bin;D:\ffmpeg-n5.0-latest-win64-lgpl-5.0\bin;
USERNAME=lumin
OS=Windows_NT
PROCESSOR_IDENTIFIER=Intel64 Family 6 Model 142 Stepping 11, GenuineIntel



---------------  S Y S T E M  ---------------

OS:
 Windows 10 , 64 bit Build 19041 (10.0.19041.1566)
OS uptime: 5 days 9:54 hours

CPU: total 8 (initial active 8) (4 cores per cpu, 2 threads per core) family 6 model 142 stepping 11 microcode 0xca, cx8, cmov, fxsr, ht, mmx, 3dnowpref, sse, sse2, sse3, ssse3, sse4.1, sse4.2, popcnt, lzcnt, tsc, tscinvbit, avx, avx2, aes, erms, clmul, bmi1, bmi2, adx, fma, vzeroupper, clflush, clflushopt

Memory: 4k page, system-wide physical 8037M (215M free)
TotalPageFile size 32613M (AvailPageFile size 31M)
current process WorkingSet (physical memory assigned to process): 191M, peak: 195M
current process commit charge ("private bytes"): 273M, peak: 279M

vm_info: OpenJDK 64-Bit Server VM (17.0.2+8) for windows-amd64 JRE (17.0.2+8), built on Jan 20 2022 04:52:34 by "" with MS VC++ 16.7 (VS2019)

END.
